{"/Users/nattyb/Library/Mobile Documents/com~apple~CloudDocs/Documents/Peanut Graphic Coding Projects/Booker/peanut-booker/frontend/src/App.tsx": {"path":"/Users/nattyb/Library/Mobile Documents/com~apple~CloudDocs/Documents/Peanut Graphic Coding Projects/Booker/peanut-booker/frontend/src/App.tsx","statementMap":{"0":{"start":{"line":17,"column":2},"end":{"line":37,"column":null}}},"fnMap":{"0":{"name":"App","decl":{"start":{"line":16,"column":24},"end":{"line":16,"column":30}},"loc":{"start":{"line":16,"column":30},"end":{"line":39,"column":null}},"line":16}},"branchMap":{},"s":{"0":0},"f":{"0":0},"b":{},"meta":{"lastBranch":0,"lastFunction":1,"lastStatement":1,"seen":{"f:16:24:16:30":0,"s:17:2:37:Infinity":0}}}
,"/Users/nattyb/Library/Mobile Documents/com~apple~CloudDocs/Documents/Peanut Graphic Coding Projects/Booker/peanut-booker/frontend/src/api/client.ts": {"path":"/Users/nattyb/Library/Mobile Documents/com~apple~CloudDocs/Documents/Peanut Graphic Coding Projects/Booker/peanut-booker/frontend/src/api/client.ts","statementMap":{"0":{"start":{"line":17,"column":18},"end":{"line":30,"column":null}},"1":{"start":{"line":18,"column":2},"end":{"line":23,"column":null}},"2":{"start":{"line":19,"column":4},"end":{"line":22,"column":null}},"3":{"start":{"line":26,"column":2},"end":{"line":29,"column":null}},"4":{"start":{"line":32,"column":15},"end":{"line":32,"column":null}},"5":{"start":{"line":35,"column":27},"end":{"line":41,"column":null}},"6":{"start":{"line":44,"column":0},"end":{"line":54,"column":null}},"7":{"start":{"line":47,"column":18},"end":{"line":47,"column":null}},"8":{"start":{"line":48,"column":4},"end":{"line":50,"column":null}},"9":{"start":{"line":49,"column":6},"end":{"line":49,"column":null}},"10":{"start":{"line":51,"column":4},"end":{"line":51,"column":null}},"11":{"start":{"line":53,"column":13},"end":{"line":53,"column":null}},"12":{"start":{"line":57,"column":0},"end":{"line":73,"column":null}},"13":{"start":{"line":60,"column":17},"end":{"line":60,"column":null}},"14":{"start":{"line":61,"column":4},"end":{"line":66,"column":null}},"15":{"start":{"line":62,"column":6},"end":{"line":64,"column":null}},"16":{"start":{"line":63,"column":8},"end":{"line":63,"column":null}},"17":{"start":{"line":65,"column":6},"end":{"line":65,"column":null}},"18":{"start":{"line":67,"column":4},"end":{"line":67,"column":null}},"19":{"start":{"line":70,"column":20},"end":{"line":70,"column":null}},"20":{"start":{"line":71,"column":4},"end":{"line":71,"column":null}},"21":{"start":{"line":78,"column":32},"end":{"line":80,"column":null}},"22":{"start":{"line":79,"column":2},"end":{"line":79,"column":null}},"23":{"start":{"line":83,"column":30},"end":{"line":85,"column":null}},"24":{"start":{"line":84,"column":2},"end":{"line":84,"column":null}},"25":{"start":{"line":88,"column":26},"end":{"line":90,"column":null}},"26":{"start":{"line":89,"column":2},"end":{"line":89,"column":null}}},"fnMap":{"0":{"name":"(anonymous_0)","decl":{"start":{"line":17,"column":18},"end":{"line":17,"column":24}},"loc":{"start":{"line":17,"column":24},"end":{"line":30,"column":null}},"line":17},"1":{"name":"(anonymous_1)","decl":{"start":{"line":45,"column":2},"end":{"line":45,"column":3}},"loc":{"start":{"line":45,"column":21},"end":{"line":52,"column":null}},"line":45},"2":{"name":"(anonymous_2)","decl":{"start":{"line":53,"column":2},"end":{"line":53,"column":3}},"loc":{"start":{"line":53,"column":13},"end":{"line":53,"column":null}},"line":53},"3":{"name":"(anonymous_3)","decl":{"start":{"line":58,"column":2},"end":{"line":58,"column":3}},"loc":{"start":{"line":58,"column":16},"end":{"line":68,"column":null}},"line":58},"4":{"name":"(anonymous_4)","decl":{"start":{"line":69,"column":2},"end":{"line":69,"column":3}},"loc":{"start":{"line":69,"column":47},"end":{"line":72,"column":null}},"line":69},"5":{"name":"(anonymous_5)","decl":{"start":{"line":78,"column":32},"end":{"line":78,"column":47}},"loc":{"start":{"line":78,"column":47},"end":{"line":80,"column":null}},"line":78},"6":{"name":"(anonymous_6)","decl":{"start":{"line":83,"column":30},"end":{"line":83,"column":44}},"loc":{"start":{"line":83,"column":44},"end":{"line":85,"column":null}},"line":83},"7":{"name":"(anonymous_7)","decl":{"start":{"line":88,"column":26},"end":{"line":88,"column":40}},"loc":{"start":{"line":88,"column":40},"end":{"line":90,"column":null}},"line":88}},"branchMap":{"0":{"loc":{"start":{"line":18,"column":2},"end":{"line":23,"column":null}},"type":"if","locations":[{"start":{"line":18,"column":2},"end":{"line":23,"column":null}},{"start":{},"end":{}}],"line":18},"1":{"loc":{"start":{"line":48,"column":4},"end":{"line":50,"column":null}},"type":"if","locations":[{"start":{"line":48,"column":4},"end":{"line":50,"column":null}},{"start":{},"end":{}}],"line":48},"2":{"loc":{"start":{"line":61,"column":4},"end":{"line":66,"column":null}},"type":"if","locations":[{"start":{"line":61,"column":4},"end":{"line":66,"column":null}},{"start":{},"end":{}}],"line":61},"3":{"loc":{"start":{"line":61,"column":8},"end":{"line":61,"column":63}},"type":"binary-expr","locations":[{"start":{"line":61,"column":8},"end":{"line":61,"column":16}},{"start":{"line":61,"column":16},"end":{"line":61,"column":44}},{"start":{"line":61,"column":44},"end":{"line":61,"column":63}}],"line":61},"4":{"loc":{"start":{"line":62,"column":6},"end":{"line":64,"column":null}},"type":"if","locations":[{"start":{"line":62,"column":6},"end":{"line":64,"column":null}},{"start":{},"end":{}}],"line":62},"5":{"loc":{"start":{"line":63,"column":40},"end":{"line":63,"column":72}},"type":"binary-expr","locations":[{"start":{"line":63,"column":40},"end":{"line":63,"column":56}},{"start":{"line":63,"column":56},"end":{"line":63,"column":72}}],"line":63},"6":{"loc":{"start":{"line":70,"column":20},"end":{"line":70,"column":null}},"type":"binary-expr","locations":[{"start":{"line":70,"column":20},"end":{"line":70,"column":53}},{"start":{"line":70,"column":53},"end":{"line":70,"column":70}},{"start":{"line":70,"column":70},"end":{"line":70,"column":null}}],"line":70},"7":{"loc":{"start":{"line":84,"column":9},"end":{"line":84,"column":null}},"type":"binary-expr","locations":[{"start":{"line":84,"column":9},"end":{"line":84,"column":38}},{"start":{"line":84,"column":38},"end":{"line":84,"column":null}}],"line":84},"8":{"loc":{"start":{"line":89,"column":9},"end":{"line":89,"column":null}},"type":"binary-expr","locations":[{"start":{"line":89,"column":9},"end":{"line":89,"column":41}},{"start":{"line":89,"column":41},"end":{"line":89,"column":null}}],"line":89}},"s":{"0":2,"1":2,"2":2,"3":0,"4":2,"5":2,"6":2,"7":0,"8":0,"9":0,"10":0,"11":0,"12":2,"13":0,"14":0,"15":0,"16":0,"17":0,"18":0,"19":0,"20":0,"21":2,"22":2,"23":2,"24":2,"25":2,"26":2},"f":{"0":2,"1":0,"2":0,"3":0,"4":0,"5":2,"6":2,"7":2},"b":{"0":[2,0],"1":[0,0],"2":[0,0],"3":[0,0,0],"4":[0,0],"5":[0,0],"6":[0,0,0],"7":[2,1],"8":[2,1]},"meta":{"lastBranch":9,"lastFunction":8,"lastStatement":27,"seen":{"s:17:18:30:Infinity":0,"f:17:18:17:24":0,"b:18:2:23:Infinity:undefined:undefined:undefined:undefined":0,"s:18:2:23:Infinity":1,"s:19:4:22:Infinity":2,"s:26:2:29:Infinity":3,"s:32:15:32:Infinity":4,"s:35:27:41:Infinity":5,"s:44:0:54:Infinity":6,"f:45:2:45:3":1,"s:47:18:47:Infinity":7,"b:48:4:50:Infinity:undefined:undefined:undefined:undefined":1,"s:48:4:50:Infinity":8,"s:49:6:49:Infinity":9,"s:51:4:51:Infinity":10,"f:53:2:53:3":2,"s:53:13:53:Infinity":11,"s:57:0:73:Infinity":12,"f:58:2:58:3":3,"s:60:17:60:Infinity":13,"b:61:4:66:Infinity:undefined:undefined:undefined:undefined":2,"s:61:4:66:Infinity":14,"b:61:8:61:16:61:16:61:44:61:44:61:63":3,"b:62:6:64:Infinity:undefined:undefined:undefined:undefined":4,"s:62:6:64:Infinity":15,"s:63:8:63:Infinity":16,"b:63:40:63:56:63:56:63:72":5,"s:65:6:65:Infinity":17,"s:67:4:67:Infinity":18,"f:69:2:69:3":4,"s:70:20:70:Infinity":19,"b:70:20:70:53:70:53:70:70:70:70:70:Infinity":6,"s:71:4:71:Infinity":20,"s:78:32:80:Infinity":21,"f:78:32:78:47":5,"s:79:2:79:Infinity":22,"s:83:30:85:Infinity":23,"f:83:30:83:44":6,"s:84:2:84:Infinity":24,"b:84:9:84:38:84:38:84:Infinity":7,"s:88:26:90:Infinity":25,"f:88:26:88:40":7,"s:89:2:89:Infinity":26,"b:89:9:89:41:89:41:89:Infinity":8}}}
,"/Users/nattyb/Library/Mobile Documents/com~apple~CloudDocs/Documents/Peanut Graphic Coding Projects/Booker/peanut-booker/frontend/src/api/endpoints.ts": {"path":"/Users/nattyb/Library/Mobile Documents/com~apple~CloudDocs/Documents/Peanut Graphic Coding Projects/Booker/peanut-booker/frontend/src/api/endpoints.ts","statementMap":{"0":{"start":{"line":18,"column":28},"end":{"line":23,"column":null}},"1":{"start":{"line":20,"column":21},"end":{"line":20,"column":null}},"2":{"start":{"line":21,"column":4},"end":{"line":21,"column":null}},"3":{"start":{"line":33,"column":29},"end":{"line":209,"column":null}},"4":{"start":{"line":35,"column":21},"end":{"line":35,"column":null}},"5":{"start":{"line":36,"column":4},"end":{"line":36,"column":null}},"6":{"start":{"line":40,"column":21},"end":{"line":40,"column":null}},"7":{"start":{"line":41,"column":4},"end":{"line":41,"column":null}},"8":{"start":{"line":45,"column":21},"end":{"line":45,"column":null}},"9":{"start":{"line":46,"column":4},"end":{"line":46,"column":null}},"10":{"start":{"line":50,"column":21},"end":{"line":50,"column":null}},"11":{"start":{"line":51,"column":4},"end":{"line":51,"column":null}},"12":{"start":{"line":55,"column":21},"end":{"line":55,"column":null}},"13":{"start":{"line":56,"column":4},"end":{"line":56,"column":null}},"14":{"start":{"line":60,"column":4},"end":{"line":60,"column":null}},"15":{"start":{"line":65,"column":21},"end":{"line":65,"column":null}},"16":{"start":{"line":66,"column":4},"end":{"line":66,"column":null}},"17":{"start":{"line":77,"column":21},"end":{"line":77,"column":null}},"18":{"start":{"line":78,"column":4},"end":{"line":78,"column":null}},"19":{"start":{"line":82,"column":21},"end":{"line":82,"column":null}},"20":{"start":{"line":83,"column":4},"end":{"line":83,"column":null}},"21":{"start":{"line":87,"column":21},"end":{"line":87,"column":null}},"22":{"start":{"line":88,"column":4},"end":{"line":88,"column":null}},"23":{"start":{"line":95,"column":21},"end":{"line":95,"column":null}},"24":{"start":{"line":96,"column":4},"end":{"line":96,"column":null}},"25":{"start":{"line":104,"column":21},"end":{"line":104,"column":null}},"26":{"start":{"line":105,"column":4},"end":{"line":105,"column":null}},"27":{"start":{"line":109,"column":21},"end":{"line":109,"column":null}},"28":{"start":{"line":110,"column":4},"end":{"line":110,"column":null}},"29":{"start":{"line":118,"column":21},"end":{"line":118,"column":null}},"30":{"start":{"line":119,"column":4},"end":{"line":119,"column":null}},"31":{"start":{"line":127,"column":21},"end":{"line":127,"column":null}},"32":{"start":{"line":128,"column":4},"end":{"line":128,"column":null}},"33":{"start":{"line":136,"column":21},"end":{"line":136,"column":null}},"34":{"start":{"line":137,"column":4},"end":{"line":137,"column":null}},"35":{"start":{"line":145,"column":4},"end":{"line":145,"column":null}},"36":{"start":{"line":146,"column":4},"end":{"line":146,"column":null}},"37":{"start":{"line":147,"column":21},"end":{"line":147,"column":null}},"38":{"start":{"line":148,"column":4},"end":{"line":148,"column":null}},"39":{"start":{"line":149,"column":4},"end":{"line":149,"column":null}},"40":{"start":{"line":157,"column":21},"end":{"line":157,"column":null}},"41":{"start":{"line":158,"column":4},"end":{"line":158,"column":null}},"42":{"start":{"line":173,"column":21},"end":{"line":173,"column":null}},"43":{"start":{"line":174,"column":4},"end":{"line":174,"column":null}},"44":{"start":{"line":182,"column":21},"end":{"line":182,"column":null}},"45":{"start":{"line":183,"column":4},"end":{"line":183,"column":null}},"46":{"start":{"line":191,"column":21},"end":{"line":191,"column":null}},"47":{"start":{"line":192,"column":4},"end":{"line":192,"column":null}},"48":{"start":{"line":200,"column":21},"end":{"line":200,"column":null}},"49":{"start":{"line":201,"column":4},"end":{"line":201,"column":null}},"50":{"start":{"line":206,"column":21},"end":{"line":206,"column":null}},"51":{"start":{"line":207,"column":4},"end":{"line":207,"column":null}},"52":{"start":{"line":388,"column":27},"end":{"line":416,"column":null}},"53":{"start":{"line":390,"column":21},"end":{"line":390,"column":null}},"54":{"start":{"line":391,"column":4},"end":{"line":391,"column":null}},"55":{"start":{"line":395,"column":21},"end":{"line":395,"column":null}},"56":{"start":{"line":396,"column":4},"end":{"line":396,"column":null}},"57":{"start":{"line":400,"column":21},"end":{"line":400,"column":null}},"58":{"start":{"line":401,"column":4},"end":{"line":401,"column":null}},"59":{"start":{"line":405,"column":21},"end":{"line":405,"column":null}},"60":{"start":{"line":406,"column":4},"end":{"line":406,"column":null}},"61":{"start":{"line":410,"column":21},"end":{"line":413,"column":null}},"62":{"start":{"line":414,"column":4},"end":{"line":414,"column":null}},"63":{"start":{"line":419,"column":25},"end":{"line":434,"column":null}},"64":{"start":{"line":421,"column":21},"end":{"line":421,"column":null}},"65":{"start":{"line":422,"column":4},"end":{"line":422,"column":null}},"66":{"start":{"line":426,"column":21},"end":{"line":426,"column":null}},"67":{"start":{"line":427,"column":4},"end":{"line":427,"column":null}},"68":{"start":{"line":431,"column":21},"end":{"line":431,"column":null}},"69":{"start":{"line":432,"column":4},"end":{"line":432,"column":null}},"70":{"start":{"line":437,"column":26},"end":{"line":466,"column":null}},"71":{"start":{"line":439,"column":21},"end":{"line":439,"column":null}},"72":{"start":{"line":440,"column":4},"end":{"line":440,"column":null}},"73":{"start":{"line":444,"column":21},"end":{"line":444,"column":null}},"74":{"start":{"line":445,"column":4},"end":{"line":445,"column":null}},"75":{"start":{"line":449,"column":21},"end":{"line":449,"column":null}},"76":{"start":{"line":450,"column":4},"end":{"line":450,"column":null}},"77":{"start":{"line":458,"column":21},"end":{"line":458,"column":null}},"78":{"start":{"line":459,"column":4},"end":{"line":459,"column":null}},"79":{"start":{"line":463,"column":21},"end":{"line":463,"column":null}},"80":{"start":{"line":464,"column":4},"end":{"line":464,"column":null}},"81":{"start":{"line":469,"column":26},"end":{"line":487,"column":null}},"82":{"start":{"line":471,"column":21},"end":{"line":471,"column":null}},"83":{"start":{"line":472,"column":4},"end":{"line":472,"column":null}},"84":{"start":{"line":476,"column":21},"end":{"line":476,"column":null}},"85":{"start":{"line":477,"column":4},"end":{"line":477,"column":null}},"86":{"start":{"line":481,"column":4},"end":{"line":481,"column":null}},"87":{"start":{"line":485,"column":4},"end":{"line":485,"column":null}},"88":{"start":{"line":490,"column":29},"end":{"line":495,"column":null}},"89":{"start":{"line":492,"column":21},"end":{"line":492,"column":null}},"90":{"start":{"line":493,"column":4},"end":{"line":493,"column":null}},"91":{"start":{"line":498,"column":31},"end":{"line":503,"column":null}},"92":{"start":{"line":500,"column":21},"end":{"line":500,"column":null}},"93":{"start":{"line":501,"column":4},"end":{"line":501,"column":null}},"94":{"start":{"line":506,"column":27},"end":{"line":526,"column":null}},"95":{"start":{"line":508,"column":21},"end":{"line":508,"column":null}},"96":{"start":{"line":509,"column":4},"end":{"line":509,"column":null}},"97":{"start":{"line":513,"column":21},"end":{"line":513,"column":null}},"98":{"start":{"line":514,"column":4},"end":{"line":514,"column":null}},"99":{"start":{"line":518,"column":21},"end":{"line":518,"column":null}},"100":{"start":{"line":519,"column":4},"end":{"line":519,"column":null}},"101":{"start":{"line":523,"column":21},"end":{"line":523,"column":null}},"102":{"start":{"line":524,"column":4},"end":{"line":524,"column":null}},"103":{"start":{"line":529,"column":23},"end":{"line":542,"column":null}},"104":{"start":{"line":531,"column":21},"end":{"line":531,"column":null}},"105":{"start":{"line":532,"column":4},"end":{"line":532,"column":null}},"106":{"start":{"line":536,"column":4},"end":{"line":536,"column":null}},"107":{"start":{"line":540,"column":4},"end":{"line":540,"column":null}},"108":{"start":{"line":545,"column":29},"end":{"line":622,"column":null}},"109":{"start":{"line":547,"column":21},"end":{"line":547,"column":null}},"110":{"start":{"line":548,"column":4},"end":{"line":548,"column":null}},"111":{"start":{"line":552,"column":21},"end":{"line":552,"column":null}},"112":{"start":{"line":553,"column":4},"end":{"line":553,"column":null}},"113":{"start":{"line":557,"column":21},"end":{"line":557,"column":null}},"114":{"start":{"line":558,"column":4},"end":{"line":558,"column":null}},"115":{"start":{"line":562,"column":21},"end":{"line":562,"column":null}},"116":{"start":{"line":563,"column":4},"end":{"line":563,"column":null}},"117":{"start":{"line":567,"column":4},"end":{"line":567,"column":null}},"118":{"start":{"line":572,"column":21},"end":{"line":572,"column":null}},"119":{"start":{"line":573,"column":4},"end":{"line":573,"column":null}},"120":{"start":{"line":585,"column":21},"end":{"line":585,"column":null}},"121":{"start":{"line":586,"column":4},"end":{"line":586,"column":null}},"122":{"start":{"line":591,"column":21},"end":{"line":591,"column":null}},"123":{"start":{"line":592,"column":4},"end":{"line":592,"column":null}},"124":{"start":{"line":597,"column":21},"end":{"line":597,"column":null}},"125":{"start":{"line":598,"column":4},"end":{"line":598,"column":null}},"126":{"start":{"line":605,"column":21},"end":{"line":605,"column":null}},"127":{"start":{"line":606,"column":4},"end":{"line":606,"column":null}},"128":{"start":{"line":614,"column":21},"end":{"line":614,"column":null}},"129":{"start":{"line":615,"column":4},"end":{"line":615,"column":null}},"130":{"start":{"line":619,"column":21},"end":{"line":619,"column":null}},"131":{"start":{"line":620,"column":4},"end":{"line":620,"column":null}},"132":{"start":{"line":654,"column":27},"end":{"line":664,"column":null}},"133":{"start":{"line":656,"column":21},"end":{"line":656,"column":null}},"134":{"start":{"line":657,"column":4},"end":{"line":657,"column":null}},"135":{"start":{"line":661,"column":21},"end":{"line":661,"column":null}},"136":{"start":{"line":662,"column":4},"end":{"line":662,"column":null}},"137":{"start":{"line":681,"column":28},"end":{"line":691,"column":null}},"138":{"start":{"line":683,"column":21},"end":{"line":683,"column":null}},"139":{"start":{"line":684,"column":4},"end":{"line":684,"column":null}},"140":{"start":{"line":688,"column":21},"end":{"line":688,"column":null}},"141":{"start":{"line":689,"column":4},"end":{"line":689,"column":null}},"142":{"start":{"line":735,"column":28},"end":{"line":740,"column":null}},"143":{"start":{"line":737,"column":21},"end":{"line":737,"column":null}},"144":{"start":{"line":738,"column":4},"end":{"line":738,"column":null}}},"fnMap":{"0":{"name":"(anonymous_0)","decl":{"start":{"line":19,"column":12},"end":{"line":19,"column":49}},"loc":{"start":{"line":19,"column":49},"end":{"line":22,"column":null}},"line":19},"1":{"name":"(anonymous_1)","decl":{"start":{"line":34,"column":10},"end":{"line":34,"column":17}},"loc":{"start":{"line":34,"column":86},"end":{"line":37,"column":null}},"line":34},"2":{"name":"(anonymous_2)","decl":{"start":{"line":39,"column":11},"end":{"line":39,"column":18}},"loc":{"start":{"line":39,"column":53},"end":{"line":42,"column":null}},"line":39},"3":{"name":"(anonymous_3)","decl":{"start":{"line":44,"column":10},"end":{"line":44,"column":17}},"loc":{"start":{"line":44,"column":83},"end":{"line":47,"column":null}},"line":44},"4":{"name":"(anonymous_4)","decl":{"start":{"line":49,"column":10},"end":{"line":49,"column":17}},"loc":{"start":{"line":49,"column":71},"end":{"line":52,"column":null}},"line":49},"5":{"name":"(anonymous_5)","decl":{"start":{"line":54,"column":11},"end":{"line":54,"column":18}},"loc":{"start":{"line":54,"column":72},"end":{"line":57,"column":null}},"line":54},"6":{"name":"(anonymous_6)","decl":{"start":{"line":59,"column":14},"end":{"line":59,"column":21}},"loc":{"start":{"line":59,"column":54},"end":{"line":61,"column":null}},"line":59},"7":{"name":"(anonymous_7)","decl":{"start":{"line":64,"column":17},"end":{"line":64,"column":24}},"loc":{"start":{"line":64,"column":79},"end":{"line":67,"column":null}},"line":64},"8":{"name":"(anonymous_8)","decl":{"start":{"line":69,"column":20},"end":{"line":69,"column":null}},"loc":{"start":{"line":76,"column":38},"end":{"line":79,"column":null}},"line":76},"9":{"name":"(anonymous_9)","decl":{"start":{"line":81,"column":16},"end":{"line":81,"column":23}},"loc":{"start":{"line":81,"column":76},"end":{"line":84,"column":null}},"line":81},"10":{"name":"(anonymous_10)","decl":{"start":{"line":86,"column":19},"end":{"line":86,"column":26}},"loc":{"start":{"line":86,"column":84},"end":{"line":89,"column":null}},"line":86},"11":{"name":"(anonymous_11)","decl":{"start":{"line":91,"column":21},"end":{"line":91,"column":null}},"loc":{"start":{"line":94,"column":57},"end":{"line":97,"column":null}},"line":94},"12":{"name":"(anonymous_12)","decl":{"start":{"line":99,"column":21},"end":{"line":99,"column":null}},"loc":{"start":{"line":103,"column":57},"end":{"line":106,"column":null}},"line":103},"13":{"name":"(anonymous_13)","decl":{"start":{"line":108,"column":21},"end":{"line":108,"column":28}},"loc":{"start":{"line":108,"column":115},"end":{"line":111,"column":null}},"line":108},"14":{"name":"(anonymous_14)","decl":{"start":{"line":114,"column":15},"end":{"line":114,"column":null}},"loc":{"start":{"line":117,"column":43},"end":{"line":120,"column":null}},"line":117},"15":{"name":"(anonymous_15)","decl":{"start":{"line":123,"column":14},"end":{"line":123,"column":null}},"loc":{"start":{"line":126,"column":42},"end":{"line":129,"column":null}},"line":126},"16":{"name":"(anonymous_16)","decl":{"start":{"line":132,"column":19},"end":{"line":132,"column":null}},"loc":{"start":{"line":135,"column":47},"end":{"line":138,"column":null}},"line":135},"17":{"name":"(anonymous_17)","decl":{"start":{"line":141,"column":14},"end":{"line":141,"column":null}},"loc":{"start":{"line":144,"column":72},"end":{"line":150,"column":null}},"line":144},"18":{"name":"(anonymous_18)","decl":{"start":{"line":153,"column":15},"end":{"line":153,"column":null}},"loc":{"start":{"line":156,"column":55},"end":{"line":159,"column":null}},"line":156},"19":{"name":"(anonymous_19)","decl":{"start":{"line":162,"column":26},"end":{"line":162,"column":null}},"loc":{"start":{"line":172,"column":80},"end":{"line":175,"column":null}},"line":172},"20":{"name":"(anonymous_20)","decl":{"start":{"line":178,"column":20},"end":{"line":178,"column":null}},"loc":{"start":{"line":181,"column":48},"end":{"line":184,"column":null}},"line":181},"21":{"name":"(anonymous_21)","decl":{"start":{"line":187,"column":27},"end":{"line":187,"column":null}},"loc":{"start":{"line":190,"column":43},"end":{"line":193,"column":null}},"line":190},"22":{"name":"(anonymous_22)","decl":{"start":{"line":196,"column":14},"end":{"line":196,"column":null}},"loc":{"start":{"line":199,"column":42},"end":{"line":202,"column":null}},"line":199},"23":{"name":"(anonymous_23)","decl":{"start":{"line":205,"column":15},"end":{"line":205,"column":22}},"loc":{"start":{"line":205,"column":82},"end":{"line":208,"column":null}},"line":205},"24":{"name":"(anonymous_24)","decl":{"start":{"line":389,"column":10},"end":{"line":389,"column":17}},"loc":{"start":{"line":389,"column":106},"end":{"line":392,"column":null}},"line":389},"25":{"name":"(anonymous_25)","decl":{"start":{"line":394,"column":11},"end":{"line":394,"column":18}},"loc":{"start":{"line":394,"column":51},"end":{"line":397,"column":null}},"line":394},"26":{"name":"(anonymous_26)","decl":{"start":{"line":399,"column":16},"end":{"line":399,"column":23}},"loc":{"start":{"line":399,"column":72},"end":{"line":402,"column":null}},"line":399},"27":{"name":"(anonymous_27)","decl":{"start":{"line":404,"column":10},"end":{"line":404,"column":17}},"loc":{"start":{"line":404,"column":66},"end":{"line":407,"column":null}},"line":404},"28":{"name":"(anonymous_28)","decl":{"start":{"line":409,"column":10},"end":{"line":409,"column":17}},"loc":{"start":{"line":409,"column":103},"end":{"line":415,"column":null}},"line":409},"29":{"name":"(anonymous_29)","decl":{"start":{"line":420,"column":10},"end":{"line":420,"column":17}},"loc":{"start":{"line":420,"column":110},"end":{"line":423,"column":null}},"line":420},"30":{"name":"(anonymous_30)","decl":{"start":{"line":425,"column":11},"end":{"line":425,"column":18}},"loc":{"start":{"line":425,"column":55},"end":{"line":428,"column":null}},"line":425},"31":{"name":"(anonymous_31)","decl":{"start":{"line":430,"column":16},"end":{"line":430,"column":23}},"loc":{"start":{"line":430,"column":76},"end":{"line":433,"column":null}},"line":430},"32":{"name":"(anonymous_32)","decl":{"start":{"line":438,"column":10},"end":{"line":438,"column":17}},"loc":{"start":{"line":438,"column":107},"end":{"line":441,"column":null}},"line":438},"33":{"name":"(anonymous_33)","decl":{"start":{"line":443,"column":11},"end":{"line":443,"column":18}},"loc":{"start":{"line":443,"column":50},"end":{"line":446,"column":null}},"line":443},"34":{"name":"(anonymous_34)","decl":{"start":{"line":448,"column":11},"end":{"line":448,"column":18}},"loc":{"start":{"line":448,"column":68},"end":{"line":451,"column":null}},"line":448},"35":{"name":"(anonymous_35)","decl":{"start":{"line":453,"column":13},"end":{"line":453,"column":null}},"loc":{"start":{"line":457,"column":24},"end":{"line":460,"column":null}},"line":457},"36":{"name":"(anonymous_36)","decl":{"start":{"line":462,"column":20},"end":{"line":462,"column":27}},"loc":{"start":{"line":462,"column":77},"end":{"line":465,"column":null}},"line":462},"37":{"name":"(anonymous_37)","decl":{"start":{"line":470,"column":14},"end":{"line":470,"column":45}},"loc":{"start":{"line":470,"column":45},"end":{"line":473,"column":null}},"line":470},"38":{"name":"(anonymous_38)","decl":{"start":{"line":475,"column":12},"end":{"line":475,"column":72}},"loc":{"start":{"line":475,"column":72},"end":{"line":478,"column":null}},"line":475},"39":{"name":"(anonymous_39)","decl":{"start":{"line":480,"column":11},"end":{"line":480,"column":18}},"loc":{"start":{"line":480,"column":55},"end":{"line":482,"column":null}},"line":480},"40":{"name":"(anonymous_40)","decl":{"start":{"line":484,"column":15},"end":{"line":484,"column":22}},"loc":{"start":{"line":484,"column":62},"end":{"line":486,"column":null}},"line":484},"41":{"name":"(anonymous_41)","decl":{"start":{"line":491,"column":10},"end":{"line":491,"column":43}},"loc":{"start":{"line":491,"column":43},"end":{"line":494,"column":null}},"line":491},"42":{"name":"(anonymous_42)","decl":{"start":{"line":499,"column":10},"end":{"line":499,"column":46}},"loc":{"start":{"line":499,"column":46},"end":{"line":502,"column":null}},"line":499},"43":{"name":"(anonymous_43)","decl":{"start":{"line":507,"column":10},"end":{"line":507,"column":41}},"loc":{"start":{"line":507,"column":41},"end":{"line":510,"column":null}},"line":507},"44":{"name":"(anonymous_44)","decl":{"start":{"line":512,"column":10},"end":{"line":512,"column":17}},"loc":{"start":{"line":512,"column":68},"end":{"line":515,"column":null}},"line":512},"45":{"name":"(anonymous_45)","decl":{"start":{"line":517,"column":19},"end":{"line":517,"column":26}},"loc":{"start":{"line":517,"column":97},"end":{"line":520,"column":null}},"line":517},"46":{"name":"(anonymous_46)","decl":{"start":{"line":522,"column":21},"end":{"line":522,"column":81}},"loc":{"start":{"line":522,"column":81},"end":{"line":525,"column":null}},"line":522},"47":{"name":"(anonymous_47)","decl":{"start":{"line":530,"column":13},"end":{"line":530,"column":87}},"loc":{"start":{"line":530,"column":87},"end":{"line":533,"column":null}},"line":530},"48":{"name":"(anonymous_48)","decl":{"start":{"line":535,"column":10},"end":{"line":535,"column":37}},"loc":{"start":{"line":535,"column":37},"end":{"line":537,"column":null}},"line":535},"49":{"name":"(anonymous_49)","decl":{"start":{"line":539,"column":11},"end":{"line":539,"column":38}},"loc":{"start":{"line":539,"column":38},"end":{"line":541,"column":null}},"line":539},"50":{"name":"(anonymous_50)","decl":{"start":{"line":546,"column":10},"end":{"line":546,"column":17}},"loc":{"start":{"line":546,"column":108},"end":{"line":549,"column":null}},"line":546},"51":{"name":"(anonymous_51)","decl":{"start":{"line":551,"column":11},"end":{"line":551,"column":18}},"loc":{"start":{"line":551,"column":53},"end":{"line":554,"column":null}},"line":551},"52":{"name":"(anonymous_52)","decl":{"start":{"line":556,"column":10},"end":{"line":556,"column":17}},"loc":{"start":{"line":556,"column":83},"end":{"line":559,"column":null}},"line":556},"53":{"name":"(anonymous_53)","decl":{"start":{"line":561,"column":16},"end":{"line":561,"column":23}},"loc":{"start":{"line":561,"column":74},"end":{"line":564,"column":null}},"line":561},"54":{"name":"(anonymous_54)","decl":{"start":{"line":566,"column":10},"end":{"line":566,"column":17}},"loc":{"start":{"line":566,"column":47},"end":{"line":568,"column":null}},"line":566},"55":{"name":"(anonymous_55)","decl":{"start":{"line":571,"column":14},"end":{"line":571,"column":21}},"loc":{"start":{"line":571,"column":67},"end":{"line":574,"column":null}},"line":571},"56":{"name":"(anonymous_56)","decl":{"start":{"line":576,"column":25},"end":{"line":576,"column":null}},"loc":{"start":{"line":584,"column":38},"end":{"line":587,"column":null}},"line":584},"57":{"name":"(anonymous_57)","decl":{"start":{"line":590,"column":16},"end":{"line":590,"column":23}},"loc":{"start":{"line":590,"column":67},"end":{"line":593,"column":null}},"line":590},"58":{"name":"(anonymous_58)","decl":{"start":{"line":596,"column":19},"end":{"line":596,"column":26}},"loc":{"start":{"line":596,"column":75},"end":{"line":599,"column":null}},"line":596},"59":{"name":"(anonymous_59)","decl":{"start":{"line":601,"column":21},"end":{"line":601,"column":null}},"loc":{"start":{"line":604,"column":57},"end":{"line":607,"column":null}},"line":604},"60":{"name":"(anonymous_60)","decl":{"start":{"line":609,"column":21},"end":{"line":609,"column":null}},"loc":{"start":{"line":613,"column":57},"end":{"line":616,"column":null}},"line":613},"61":{"name":"(anonymous_61)","decl":{"start":{"line":618,"column":21},"end":{"line":618,"column":28}},"loc":{"start":{"line":618,"column":106},"end":{"line":621,"column":null}},"line":618},"62":{"name":"(anonymous_62)","decl":{"start":{"line":655,"column":20},"end":{"line":655,"column":27}},"loc":{"start":{"line":655,"column":99},"end":{"line":658,"column":null}},"line":655},"63":{"name":"(anonymous_63)","decl":{"start":{"line":660,"column":15},"end":{"line":660,"column":22}},"loc":{"start":{"line":660,"column":113},"end":{"line":663,"column":null}},"line":660},"64":{"name":"(anonymous_64)","decl":{"start":{"line":682,"column":10},"end":{"line":682,"column":17}},"loc":{"start":{"line":682,"column":85},"end":{"line":685,"column":null}},"line":682},"65":{"name":"(anonymous_65)","decl":{"start":{"line":687,"column":11},"end":{"line":687,"column":18}},"loc":{"start":{"line":687,"column":52},"end":{"line":690,"column":null}},"line":687},"66":{"name":"(anonymous_66)","decl":{"start":{"line":736,"column":15},"end":{"line":736,"column":51}},"loc":{"start":{"line":736,"column":51},"end":{"line":739,"column":null}},"line":736}},"branchMap":{},"s":{"0":1,"1":1,"2":1,"3":1,"4":1,"5":1,"6":1,"7":1,"8":1,"9":1,"10":1,"11":1,"12":1,"13":1,"14":1,"15":1,"16":1,"17":0,"18":0,"19":0,"20":0,"21":0,"22":0,"23":0,"24":0,"25":0,"26":0,"27":0,"28":0,"29":0,"30":0,"31":0,"32":0,"33":0,"34":0,"35":1,"36":1,"37":1,"38":1,"39":1,"40":1,"41":1,"42":0,"43":0,"44":0,"45":0,"46":0,"47":0,"48":0,"49":0,"50":0,"51":0,"52":1,"53":1,"54":1,"55":1,"56":1,"57":1,"58":1,"59":1,"60":1,"61":0,"62":0,"63":1,"64":1,"65":1,"66":0,"67":0,"68":1,"69":1,"70":1,"71":1,"72":1,"73":0,"74":0,"75":1,"76":1,"77":1,"78":1,"79":1,"80":1,"81":1,"82":1,"83":1,"84":1,"85":1,"86":1,"87":1,"88":1,"89":1,"90":1,"91":1,"92":1,"93":1,"94":1,"95":1,"96":1,"97":1,"98":1,"99":1,"100":1,"101":1,"102":1,"103":1,"104":1,"105":1,"106":1,"107":1,"108":1,"109":1,"110":1,"111":0,"112":0,"113":0,"114":0,"115":0,"116":0,"117":1,"118":0,"119":0,"120":0,"121":0,"122":1,"123":1,"124":0,"125":0,"126":0,"127":0,"128":0,"129":0,"130":0,"131":0,"132":1,"133":1,"134":1,"135":1,"136":1,"137":1,"138":1,"139":1,"140":1,"141":1,"142":1,"143":1,"144":1},"f":{"0":1,"1":1,"2":1,"3":1,"4":1,"5":1,"6":1,"7":1,"8":0,"9":0,"10":0,"11":0,"12":0,"13":0,"14":0,"15":0,"16":0,"17":1,"18":1,"19":0,"20":0,"21":0,"22":0,"23":0,"24":1,"25":1,"26":1,"27":1,"28":0,"29":1,"30":0,"31":1,"32":1,"33":0,"34":1,"35":1,"36":1,"37":1,"38":1,"39":1,"40":1,"41":1,"42":1,"43":1,"44":1,"45":1,"46":1,"47":1,"48":1,"49":1,"50":1,"51":0,"52":0,"53":0,"54":1,"55":0,"56":0,"57":1,"58":0,"59":0,"60":0,"61":0,"62":1,"63":1,"64":1,"65":1,"66":1},"b":{},"meta":{"lastBranch":0,"lastFunction":67,"lastStatement":145,"seen":{"s:18:28:23:Infinity":0,"f:19:12:19:49":0,"s:20:21:20:Infinity":1,"s:21:4:21:Infinity":2,"s:33:29:209:Infinity":3,"f:34:10:34:17":1,"s:35:21:35:Infinity":4,"s:36:4:36:Infinity":5,"f:39:11:39:18":2,"s:40:21:40:Infinity":6,"s:41:4:41:Infinity":7,"f:44:10:44:17":3,"s:45:21:45:Infinity":8,"s:46:4:46:Infinity":9,"f:49:10:49:17":4,"s:50:21:50:Infinity":10,"s:51:4:51:Infinity":11,"f:54:11:54:18":5,"s:55:21:55:Infinity":12,"s:56:4:56:Infinity":13,"f:59:14:59:21":6,"s:60:4:60:Infinity":14,"f:64:17:64:24":7,"s:65:21:65:Infinity":15,"s:66:4:66:Infinity":16,"f:69:20:69:Infinity":8,"s:77:21:77:Infinity":17,"s:78:4:78:Infinity":18,"f:81:16:81:23":9,"s:82:21:82:Infinity":19,"s:83:4:83:Infinity":20,"f:86:19:86:26":10,"s:87:21:87:Infinity":21,"s:88:4:88:Infinity":22,"f:91:21:91:Infinity":11,"s:95:21:95:Infinity":23,"s:96:4:96:Infinity":24,"f:99:21:99:Infinity":12,"s:104:21:104:Infinity":25,"s:105:4:105:Infinity":26,"f:108:21:108:28":13,"s:109:21:109:Infinity":27,"s:110:4:110:Infinity":28,"f:114:15:114:Infinity":14,"s:118:21:118:Infinity":29,"s:119:4:119:Infinity":30,"f:123:14:123:Infinity":15,"s:127:21:127:Infinity":31,"s:128:4:128:Infinity":32,"f:132:19:132:Infinity":16,"s:136:21:136:Infinity":33,"s:137:4:137:Infinity":34,"f:141:14:141:Infinity":17,"s:145:4:145:Infinity":35,"s:146:4:146:Infinity":36,"s:147:21:147:Infinity":37,"s:148:4:148:Infinity":38,"s:149:4:149:Infinity":39,"f:153:15:153:Infinity":18,"s:157:21:157:Infinity":40,"s:158:4:158:Infinity":41,"f:162:26:162:Infinity":19,"s:173:21:173:Infinity":42,"s:174:4:174:Infinity":43,"f:178:20:178:Infinity":20,"s:182:21:182:Infinity":44,"s:183:4:183:Infinity":45,"f:187:27:187:Infinity":21,"s:191:21:191:Infinity":46,"s:192:4:192:Infinity":47,"f:196:14:196:Infinity":22,"s:200:21:200:Infinity":48,"s:201:4:201:Infinity":49,"f:205:15:205:22":23,"s:206:21:206:Infinity":50,"s:207:4:207:Infinity":51,"s:388:27:416:Infinity":52,"f:389:10:389:17":24,"s:390:21:390:Infinity":53,"s:391:4:391:Infinity":54,"f:394:11:394:18":25,"s:395:21:395:Infinity":55,"s:396:4:396:Infinity":56,"f:399:16:399:23":26,"s:400:21:400:Infinity":57,"s:401:4:401:Infinity":58,"f:404:10:404:17":27,"s:405:21:405:Infinity":59,"s:406:4:406:Infinity":60,"f:409:10:409:17":28,"s:410:21:413:Infinity":61,"s:414:4:414:Infinity":62,"s:419:25:434:Infinity":63,"f:420:10:420:17":29,"s:421:21:421:Infinity":64,"s:422:4:422:Infinity":65,"f:425:11:425:18":30,"s:426:21:426:Infinity":66,"s:427:4:427:Infinity":67,"f:430:16:430:23":31,"s:431:21:431:Infinity":68,"s:432:4:432:Infinity":69,"s:437:26:466:Infinity":70,"f:438:10:438:17":32,"s:439:21:439:Infinity":71,"s:440:4:440:Infinity":72,"f:443:11:443:18":33,"s:444:21:444:Infinity":73,"s:445:4:445:Infinity":74,"f:448:11:448:18":34,"s:449:21:449:Infinity":75,"s:450:4:450:Infinity":76,"f:453:13:453:Infinity":35,"s:458:21:458:Infinity":77,"s:459:4:459:Infinity":78,"f:462:20:462:27":36,"s:463:21:463:Infinity":79,"s:464:4:464:Infinity":80,"s:469:26:487:Infinity":81,"f:470:14:470:45":37,"s:471:21:471:Infinity":82,"s:472:4:472:Infinity":83,"f:475:12:475:72":38,"s:476:21:476:Infinity":84,"s:477:4:477:Infinity":85,"f:480:11:480:18":39,"s:481:4:481:Infinity":86,"f:484:15:484:22":40,"s:485:4:485:Infinity":87,"s:490:29:495:Infinity":88,"f:491:10:491:43":41,"s:492:21:492:Infinity":89,"s:493:4:493:Infinity":90,"s:498:31:503:Infinity":91,"f:499:10:499:46":42,"s:500:21:500:Infinity":92,"s:501:4:501:Infinity":93,"s:506:27:526:Infinity":94,"f:507:10:507:41":43,"s:508:21:508:Infinity":95,"s:509:4:509:Infinity":96,"f:512:10:512:17":44,"s:513:21:513:Infinity":97,"s:514:4:514:Infinity":98,"f:517:19:517:26":45,"s:518:21:518:Infinity":99,"s:519:4:519:Infinity":100,"f:522:21:522:81":46,"s:523:21:523:Infinity":101,"s:524:4:524:Infinity":102,"s:529:23:542:Infinity":103,"f:530:13:530:87":47,"s:531:21:531:Infinity":104,"s:532:4:532:Infinity":105,"f:535:10:535:37":48,"s:536:4:536:Infinity":106,"f:539:11:539:38":49,"s:540:4:540:Infinity":107,"s:545:29:622:Infinity":108,"f:546:10:546:17":50,"s:547:21:547:Infinity":109,"s:548:4:548:Infinity":110,"f:551:11:551:18":51,"s:552:21:552:Infinity":111,"s:553:4:553:Infinity":112,"f:556:10:556:17":52,"s:557:21:557:Infinity":113,"s:558:4:558:Infinity":114,"f:561:16:561:23":53,"s:562:21:562:Infinity":115,"s:563:4:563:Infinity":116,"f:566:10:566:17":54,"s:567:4:567:Infinity":117,"f:571:14:571:21":55,"s:572:21:572:Infinity":118,"s:573:4:573:Infinity":119,"f:576:25:576:Infinity":56,"s:585:21:585:Infinity":120,"s:586:4:586:Infinity":121,"f:590:16:590:23":57,"s:591:21:591:Infinity":122,"s:592:4:592:Infinity":123,"f:596:19:596:26":58,"s:597:21:597:Infinity":124,"s:598:4:598:Infinity":125,"f:601:21:601:Infinity":59,"s:605:21:605:Infinity":126,"s:606:4:606:Infinity":127,"f:609:21:609:Infinity":60,"s:614:21:614:Infinity":128,"s:615:4:615:Infinity":129,"f:618:21:618:28":61,"s:619:21:619:Infinity":130,"s:620:4:620:Infinity":131,"s:654:27:664:Infinity":132,"f:655:20:655:27":62,"s:656:21:656:Infinity":133,"s:657:4:657:Infinity":134,"f:660:15:660:22":63,"s:661:21:661:Infinity":135,"s:662:4:662:Infinity":136,"s:681:28:691:Infinity":137,"f:682:10:682:17":64,"s:683:21:683:Infinity":138,"s:684:4:684:Infinity":139,"f:687:11:687:18":65,"s:688:21:688:Infinity":140,"s:689:4:689:Infinity":141,"s:735:28:740:Infinity":142,"f:736:15:736:51":66,"s:737:21:737:Infinity":143,"s:738:4:738:Infinity":144}}}
,"/Users/nattyb/Library/Mobile Documents/com~apple~CloudDocs/Documents/Peanut Graphic Coding Projects/Booker/peanut-booker/frontend/src/api/index.ts": {"path":"/Users/nattyb/Library/Mobile Documents/com~apple~CloudDocs/Documents/Peanut Graphic Coding Projects/Booker/peanut-booker/frontend/src/api/index.ts","statementMap":{"0":{"start":{"line":2,"column":0},"end":{"line":2,"column":null}},"1":{"start":{"line":3,"column":0},"end":{"line":3,"column":null}}},"fnMap":{},"branchMap":{},"s":{"0":0,"1":0},"f":{},"b":{},"meta":{"lastBranch":0,"lastFunction":0,"lastStatement":2,"seen":{"s:2:0:2:Infinity":0,"s:3:0:3:Infinity":1}}}
,"/Users/nattyb/Library/Mobile Documents/com~apple~CloudDocs/Documents/Peanut Graphic Coding Projects/Booker/peanut-booker/frontend/src/components/common/Alert.tsx": {"path":"/Users/nattyb/Library/Mobile Documents/com~apple~CloudDocs/Documents/Peanut Graphic Coding Projects/Booker/peanut-booker/frontend/src/components/common/Alert.tsx","statementMap":{"0":{"start":{"line":17,"column":22},"end":{"line":38,"column":null}},"1":{"start":{"line":49,"column":17},"end":{"line":49,"column":null}},"2":{"start":{"line":51,"column":2},"end":{"line":79,"column":null}},"3":{"start":{"line":92,"column":2},"end":{"line":110,"column":null}},"4":{"start":{"line":121,"column":2},"end":{"line":125,"column":null}}},"fnMap":{"0":{"name":"Alert","decl":{"start":{"line":40,"column":24},"end":{"line":40,"column":30}},"loc":{"start":{"line":48,"column":15},"end":{"line":81,"column":null}},"line":48},"1":{"name":"HelpCard","decl":{"start":{"line":91,"column":16},"end":{"line":91,"column":25}},"loc":{"start":{"line":91,"column":78},"end":{"line":112,"column":null}},"line":91},"2":{"name":"Tip","decl":{"start":{"line":120,"column":16},"end":{"line":120,"column":20}},"loc":{"start":{"line":120,"column":55},"end":{"line":127,"column":null}},"line":120}},"branchMap":{"0":{"loc":{"start":{"line":41,"column":2},"end":{"line":41,"column":null}},"type":"default-arg","locations":[{"start":{"line":41,"column":12},"end":{"line":41,"column":null}}],"line":41},"1":{"loc":{"start":{"line":62,"column":11},"end":{"line":62,"column":null}},"type":"binary-expr","locations":[{"start":{"line":62,"column":11},"end":{"line":62,"column":19}},{"start":{"line":62,"column":19},"end":{"line":62,"column":null}}],"line":62},"2":{"loc":{"start":{"line":65,"column":11},"end":{"line":66,"column":null}},"type":"binary-expr","locations":[{"start":{"line":65,"column":11},"end":{"line":65,"column":null}},{"start":{"line":66,"column":12},"end":{"line":66,"column":null}}],"line":65},"3":{"loc":{"start":{"line":70,"column":9},"end":{"line":76,"column":null}},"type":"binary-expr","locations":[{"start":{"line":70,"column":9},"end":{"line":70,"column":24}},{"start":{"line":70,"column":24},"end":{"line":70,"column":null}},{"start":{"line":71,"column":10},"end":{"line":76,"column":null}}],"line":70},"4":{"loc":{"start":{"line":100,"column":9},"end":{"line":103,"column":null}},"type":"binary-expr","locations":[{"start":{"line":100,"column":9},"end":{"line":100,"column":null}},{"start":{"line":101,"column":10},"end":{"line":103,"column":null}}],"line":100}},"s":{"0":4,"1":19,"2":19,"3":86,"4":4},"f":{"0":19,"1":86,"2":4},"b":{"0":[19],"1":[19,18],"2":[19,1],"3":[19,4,3],"4":[86,81]},"meta":{"lastBranch":5,"lastFunction":3,"lastStatement":5,"seen":{"s:17:22:38:Infinity":0,"f:40:24:40:30":0,"b:41:12:41:Infinity":0,"s:49:17:49:Infinity":1,"s:51:2:79:Infinity":2,"b:62:11:62:19:62:19:62:Infinity":1,"b:65:11:65:Infinity:66:12:66:Infinity":2,"b:70:9:70:24:70:24:70:Infinity:71:10:76:Infinity":3,"f:91:16:91:25":1,"s:92:2:110:Infinity":3,"b:100:9:100:Infinity:101:10:103:Infinity":4,"f:120:16:120:20":2,"s:121:2:125:Infinity":4}}}
,"/Users/nattyb/Library/Mobile Documents/com~apple~CloudDocs/Documents/Peanut Graphic Coding Projects/Booker/peanut-booker/frontend/src/components/common/Badge.tsx": {"path":"/Users/nattyb/Library/Mobile Documents/com~apple~CloudDocs/Documents/Peanut Graphic Coding Projects/Booker/peanut-booker/frontend/src/components/common/Badge.tsx","statementMap":{"0":{"start":{"line":17,"column":19},"end":{"line":24,"column":null}},"1":{"start":{"line":26,"column":16},"end":{"line":29,"column":null}},"2":{"start":{"line":31,"column":2},"end":{"line":41,"column":null}},"3":{"start":{"line":52,"column":90},"end":{"line":83,"column":null}},"4":{"start":{"line":85,"column":17},"end":{"line":88,"column":null}},"5":{"start":{"line":90,"column":2},"end":{"line":93,"column":null}},"6":{"start":{"line":104,"column":2},"end":{"line":110,"column":null}},"7":{"start":{"line":121,"column":22},"end":{"line":126,"column":null}},"8":{"start":{"line":128,"column":17},"end":{"line":128,"column":null}},"9":{"start":{"line":130,"column":2},"end":{"line":133,"column":null}}},"fnMap":{"0":{"name":"Badge","decl":{"start":{"line":11,"column":24},"end":{"line":11,"column":30}},"loc":{"start":{"line":16,"column":15},"end":{"line":43,"column":null}},"line":16},"1":{"name":"StatusBadge","decl":{"start":{"line":51,"column":16},"end":{"line":51,"column":28}},"loc":{"start":{"line":51,"column":69},"end":{"line":95,"column":null}},"line":51},"2":{"name":"TierBadge","decl":{"start":{"line":103,"column":16},"end":{"line":103,"column":26}},"loc":{"start":{"line":103,"column":63},"end":{"line":112,"column":null}},"line":103},"3":{"name":"LevelBadge","decl":{"start":{"line":120,"column":16},"end":{"line":120,"column":27}},"loc":{"start":{"line":120,"column":66},"end":{"line":135,"column":null}},"line":120}},"branchMap":{"0":{"loc":{"start":{"line":13,"column":2},"end":{"line":13,"column":null}},"type":"default-arg","locations":[{"start":{"line":13,"column":12},"end":{"line":13,"column":null}}],"line":13},"1":{"loc":{"start":{"line":14,"column":2},"end":{"line":14,"column":null}},"type":"default-arg","locations":[{"start":{"line":14,"column":9},"end":{"line":14,"column":null}}],"line":14},"2":{"loc":{"start":{"line":85,"column":17},"end":{"line":88,"column":null}},"type":"binary-expr","locations":[{"start":{"line":85,"column":17},"end":{"line":85,"column":55}},{"start":{"line":85,"column":55},"end":{"line":88,"column":null}}],"line":85},"3":{"loc":{"start":{"line":106,"column":15},"end":{"line":106,"column":null}},"type":"cond-expr","locations":[{"start":{"line":106,"column":32},"end":{"line":106,"column":44}},{"start":{"line":106,"column":44},"end":{"line":106,"column":null}}],"line":106},"4":{"loc":{"start":{"line":109,"column":7},"end":{"line":109,"column":null}},"type":"cond-expr","locations":[{"start":{"line":109,"column":24},"end":{"line":109,"column":32}},{"start":{"line":109,"column":32},"end":{"line":109,"column":null}}],"line":109}},"s":{"0":38,"1":38,"2":38,"3":18,"4":18,"5":18,"6":3,"7":5,"8":5,"9":5},"f":{"0":38,"1":18,"2":3,"3":5},"b":{"0":[38],"1":[38],"2":[18,1],"3":[2,1],"4":[2,1]},"meta":{"lastBranch":5,"lastFunction":4,"lastStatement":10,"seen":{"f:11:24:11:30":0,"b:13:12:13:Infinity":0,"b:14:9:14:Infinity":1,"s:17:19:24:Infinity":0,"s:26:16:29:Infinity":1,"s:31:2:41:Infinity":2,"f:51:16:51:28":1,"s:52:90:83:Infinity":3,"s:85:17:88:Infinity":4,"b:85:17:85:55:85:55:88:Infinity":2,"s:90:2:93:Infinity":5,"f:103:16:103:26":2,"s:104:2:110:Infinity":6,"b:106:32:106:44:106:44:106:Infinity":3,"b:109:24:109:32:109:32:109:Infinity":4,"f:120:16:120:27":3,"s:121:22:126:Infinity":7,"s:128:17:128:Infinity":8,"s:130:2:133:Infinity":9}}}
,"/Users/nattyb/Library/Mobile Documents/com~apple~CloudDocs/Documents/Peanut Graphic Coding Projects/Booker/peanut-booker/frontend/src/components/common/Button.tsx": {"path":"/Users/nattyb/Library/Mobile Documents/com~apple~CloudDocs/Documents/Peanut Graphic Coding Projects/Booker/peanut-booker/frontend/src/components/common/Button.tsx","statementMap":{"0":{"start":{"line":13,"column":6},"end":{"line":77,"column":null}},"1":{"start":{"line":29,"column":6},"end":{"line":29,"column":null}},"2":{"start":{"line":31,"column":21},"end":{"line":44,"column":null}},"3":{"start":{"line":46,"column":18},"end":{"line":50,"column":null}},"4":{"start":{"line":52,"column":22},"end":{"line":56,"column":null}},"5":{"start":{"line":58,"column":4},"end":{"line":74,"column":null}},"6":{"start":{"line":79,"column":0},"end":{"line":79,"column":null}}},"fnMap":{"0":{"name":"(anonymous_0)","decl":{"start":{"line":14,"column":2},"end":{"line":14,"column":null}},"loc":{"start":{"line":27,"column":7},"end":{"line":76,"column":null}},"line":27}},"branchMap":{"0":{"loc":{"start":{"line":17,"column":6},"end":{"line":17,"column":null}},"type":"default-arg","locations":[{"start":{"line":17,"column":16},"end":{"line":17,"column":null}}],"line":17},"1":{"loc":{"start":{"line":18,"column":6},"end":{"line":18,"column":null}},"type":"default-arg","locations":[{"start":{"line":18,"column":13},"end":{"line":18,"column":null}}],"line":18},"2":{"loc":{"start":{"line":19,"column":6},"end":{"line":19,"column":null}},"type":"default-arg","locations":[{"start":{"line":19,"column":16},"end":{"line":19,"column":null}}],"line":19},"3":{"loc":{"start":{"line":22,"column":6},"end":{"line":22,"column":null}},"type":"default-arg","locations":[{"start":{"line":22,"column":21},"end":{"line":22,"column":null}}],"line":22},"4":{"loc":{"start":{"line":62,"column":18},"end":{"line":62,"column":null}},"type":"binary-expr","locations":[{"start":{"line":62,"column":18},"end":{"line":62,"column":30}},{"start":{"line":62,"column":30},"end":{"line":62,"column":null}}],"line":62},"5":{"loc":{"start":{"line":65,"column":9},"end":{"line":69,"column":null}},"type":"cond-expr","locations":[{"start":{"line":66,"column":10},"end":{"line":66,"column":null}},{"start":{"line":67,"column":12},"end":{"line":69,"column":null}}],"line":65},"6":{"loc":{"start":{"line":67,"column":12},"end":{"line":69,"column":null}},"type":"cond-expr","locations":[{"start":{"line":68,"column":10},"end":{"line":68,"column":null}},{"start":{"line":69,"column":12},"end":{"line":69,"column":null}}],"line":67},"7":{"loc":{"start":{"line":67,"column":12},"end":{"line":67,"column":null}},"type":"binary-expr","locations":[{"start":{"line":67,"column":12},"end":{"line":67,"column":20}},{"start":{"line":67,"column":20},"end":{"line":67,"column":null}}],"line":67},"8":{"loc":{"start":{"line":71,"column":9},"end":{"line":72,"column":null}},"type":"binary-expr","locations":[{"start":{"line":71,"column":9},"end":{"line":71,"column":21}},{"start":{"line":71,"column":21},"end":{"line":71,"column":29}},{"start":{"line":71,"column":29},"end":{"line":71,"column":null}},{"start":{"line":72,"column":10},"end":{"line":72,"column":null}}],"line":71}},"s":{"0":8,"1":88,"2":88,"3":88,"4":88,"5":88,"6":8},"f":{"0":88},"b":{"0":[88],"1":[88],"2":[88],"3":[88],"4":[88,77],"5":[6,82],"6":[45,37],"7":[82,46],"8":[88,82,46,1]},"meta":{"lastBranch":9,"lastFunction":1,"lastStatement":7,"seen":{"s:13:6:77:Infinity":0,"f:14:2:14:Infinity":0,"b:17:16:17:Infinity":0,"b:18:13:18:Infinity":1,"b:19:16:19:Infinity":2,"b:22:21:22:Infinity":3,"s:29:6:29:Infinity":1,"s:31:21:44:Infinity":2,"s:46:18:50:Infinity":3,"s:52:22:56:Infinity":4,"s:58:4:74:Infinity":5,"b:62:18:62:30:62:30:62:Infinity":4,"b:66:10:66:Infinity:67:12:69:Infinity":5,"b:68:10:68:Infinity:69:12:69:Infinity":6,"b:67:12:67:20:67:20:67:Infinity":7,"b:71:9:71:21:71:21:71:29:71:29:71:Infinity:72:10:72:Infinity":8,"s:79:0:79:Infinity":6}}}
,"/Users/nattyb/Library/Mobile Documents/com~apple~CloudDocs/Documents/Peanut Graphic Coding Projects/Booker/peanut-booker/frontend/src/components/common/Card.tsx": {"path":"/Users/nattyb/Library/Mobile Documents/com~apple~CloudDocs/Documents/Peanut Graphic Coding Projects/Booker/peanut-booker/frontend/src/components/common/Card.tsx","statementMap":{"0":{"start":{"line":11,"column":24},"end":{"line":16,"column":null}},"1":{"start":{"line":18,"column":2},"end":{"line":28,"column":null}},"2":{"start":{"line":40,"column":2},"end":{"line":49,"column":null}},"3":{"start":{"line":65,"column":2},"end":{"line":92,"column":null}}},"fnMap":{"0":{"name":"Card","decl":{"start":{"line":10,"column":24},"end":{"line":10,"column":29}},"loc":{"start":{"line":10,"column":91},"end":{"line":30,"column":null}},"line":10},"1":{"name":"CardHeader","decl":{"start":{"line":39,"column":16},"end":{"line":39,"column":27}},"loc":{"start":{"line":39,"column":87},"end":{"line":51,"column":null}},"line":39},"2":{"name":"StatCard","decl":{"start":{"line":64,"column":16},"end":{"line":64,"column":25}},"loc":{"start":{"line":64,"column":83},"end":{"line":94,"column":null}},"line":64}},"branchMap":{"0":{"loc":{"start":{"line":10,"column":52},"end":{"line":10,"column":68}},"type":"default-arg","locations":[{"start":{"line":10,"column":62},"end":{"line":10,"column":68}}],"line":10},"1":{"loc":{"start":{"line":44,"column":9},"end":{"line":45,"column":null}},"type":"binary-expr","locations":[{"start":{"line":44,"column":9},"end":{"line":44,"column":null}},{"start":{"line":45,"column":10},"end":{"line":45,"column":null}}],"line":44},"2":{"loc":{"start":{"line":48,"column":7},"end":{"line":48,"column":null}},"type":"binary-expr","locations":[{"start":{"line":48,"column":7},"end":{"line":48,"column":17}},{"start":{"line":48,"column":17},"end":{"line":48,"column":null}}],"line":48},"3":{"loc":{"start":{"line":71,"column":11},"end":{"line":83,"column":null}},"type":"binary-expr","locations":[{"start":{"line":71,"column":11},"end":{"line":71,"column":null}},{"start":{"line":72,"column":12},"end":{"line":83,"column":null}}],"line":71},"4":{"loc":{"start":{"line":75,"column":16},"end":{"line":75,"column":null}},"type":"binary-expr","locations":[{"start":{"line":75,"column":16},"end":{"line":75,"column":46}},{"start":{"line":75,"column":46},"end":{"line":75,"column":null}}],"line":75},"5":{"loc":{"start":{"line":76,"column":16},"end":{"line":76,"column":null}},"type":"binary-expr","locations":[{"start":{"line":76,"column":16},"end":{"line":76,"column":46}},{"start":{"line":76,"column":46},"end":{"line":76,"column":null}}],"line":76},"6":{"loc":{"start":{"line":77,"column":16},"end":{"line":77,"column":null}},"type":"binary-expr","locations":[{"start":{"line":77,"column":16},"end":{"line":77,"column":45}},{"start":{"line":77,"column":45},"end":{"line":77,"column":null}}],"line":77},"7":{"loc":{"start":{"line":80,"column":15},"end":{"line":80,"column":null}},"type":"binary-expr","locations":[{"start":{"line":80,"column":15},"end":{"line":80,"column":45}},{"start":{"line":80,"column":45},"end":{"line":80,"column":null}}],"line":80},"8":{"loc":{"start":{"line":81,"column":15},"end":{"line":81,"column":null}},"type":"binary-expr","locations":[{"start":{"line":81,"column":15},"end":{"line":81,"column":45}},{"start":{"line":81,"column":45},"end":{"line":81,"column":null}}],"line":81},"9":{"loc":{"start":{"line":86,"column":9},"end":{"line":89,"column":null}},"type":"binary-expr","locations":[{"start":{"line":86,"column":9},"end":{"line":86,"column":null}},{"start":{"line":87,"column":10},"end":{"line":89,"column":null}}],"line":86}},"s":{"0":303,"1":303,"2":47,"3":253},"f":{"0":303,"1":47,"2":253},"b":{"0":[303],"1":[47,41],"2":[47,1],"3":[253,6],"4":[6,2],"5":[6,2],"6":[6,2],"7":[6,2],"8":[6,2],"9":[253,241]},"meta":{"lastBranch":10,"lastFunction":3,"lastStatement":4,"seen":{"f:10:24:10:29":0,"b:10:62:10:68":0,"s:11:24:16:Infinity":0,"s:18:2:28:Infinity":1,"f:39:16:39:27":1,"s:40:2:49:Infinity":2,"b:44:9:44:Infinity:45:10:45:Infinity":1,"b:48:7:48:17:48:17:48:Infinity":2,"f:64:16:64:25":2,"s:65:2:92:Infinity":3,"b:71:11:71:Infinity:72:12:83:Infinity":3,"b:75:16:75:46:75:46:75:Infinity":4,"b:76:16:76:46:76:46:76:Infinity":5,"b:77:16:77:45:77:45:77:Infinity":6,"b:80:15:80:45:80:45:80:Infinity":7,"b:81:15:81:45:81:45:81:Infinity":8,"b:86:9:86:Infinity:87:10:89:Infinity":9}}}
,"/Users/nattyb/Library/Mobile Documents/com~apple~CloudDocs/Documents/Peanut Graphic Coding Projects/Booker/peanut-booker/frontend/src/components/common/EmptyState.tsx": {"path":"/Users/nattyb/Library/Mobile Documents/com~apple~CloudDocs/Documents/Peanut Graphic Coding Projects/Booker/peanut-booker/frontend/src/components/common/EmptyState.tsx","statementMap":{"0":{"start":{"line":26,"column":2},"end":{"line":47,"column":null}},"1":{"start":{"line":40,"column":12},"end":{"line":40,"column":null}},"2":{"start":{"line":57,"column":2},"end":{"line":58,"column":null}},"3":{"start":{"line":63,"column":27},"end":{"line":155,"column":null}}},"fnMap":{"0":{"name":"EmptyState","decl":{"start":{"line":18,"column":24},"end":{"line":18,"column":35}},"loc":{"start":{"line":25,"column":20},"end":{"line":49,"column":null}},"line":25},"1":{"name":"(anonymous_1)","decl":{"start":{"line":39,"column":20},"end":{"line":39,"column":21}},"loc":{"start":{"line":40,"column":12},"end":{"line":40,"column":null}},"line":40},"2":{"name":"Skeleton","decl":{"start":{"line":56,"column":16},"end":{"line":56,"column":25}},"loc":{"start":{"line":56,"column":55},"end":{"line":60,"column":null}},"line":56}},"branchMap":{"0":{"loc":{"start":{"line":28,"column":7},"end":{"line":31,"column":null}},"type":"binary-expr","locations":[{"start":{"line":28,"column":7},"end":{"line":28,"column":null}},{"start":{"line":29,"column":8},"end":{"line":31,"column":null}}],"line":28},"1":{"loc":{"start":{"line":34,"column":7},"end":{"line":35,"column":null}},"type":"binary-expr","locations":[{"start":{"line":34,"column":7},"end":{"line":34,"column":null}},{"start":{"line":35,"column":8},"end":{"line":35,"column":null}}],"line":34},"2":{"loc":{"start":{"line":37,"column":7},"end":{"line":42,"column":null}},"type":"binary-expr","locations":[{"start":{"line":37,"column":7},"end":{"line":37,"column":15}},{"start":{"line":37,"column":15},"end":{"line":37,"column":null}},{"start":{"line":38,"column":8},"end":{"line":42,"column":null}}],"line":37},"3":{"loc":{"start":{"line":44,"column":7},"end":{"line":45,"column":null}},"type":"binary-expr","locations":[{"start":{"line":44,"column":7},"end":{"line":44,"column":null}},{"start":{"line":45,"column":8},"end":{"line":45,"column":null}}],"line":44}},"s":{"0":18,"1":7,"2":3,"3":5},"f":{"0":18,"1":7,"2":3},"b":{"0":[18,3],"1":[18,3],"2":[18,4,3],"3":[18,2]},"meta":{"lastBranch":4,"lastFunction":3,"lastStatement":4,"seen":{"f:18:24:18:35":0,"s:26:2:47:Infinity":0,"b:28:7:28:Infinity:29:8:31:Infinity":0,"b:34:7:34:Infinity:35:8:35:Infinity":1,"b:37:7:37:15:37:15:37:Infinity:38:8:42:Infinity":2,"f:39:20:39:21":1,"s:40:12:40:Infinity":1,"b:44:7:44:Infinity:45:8:45:Infinity":3,"f:56:16:56:25":2,"s:57:2:58:Infinity":2,"s:63:27:155:Infinity":3}}}
,"/Users/nattyb/Library/Mobile Documents/com~apple~CloudDocs/Documents/Peanut Graphic Coding Projects/Booker/peanut-booker/frontend/src/components/common/Input.tsx": {"path":"/Users/nattyb/Library/Mobile Documents/com~apple~CloudDocs/Documents/Peanut Graphic Coding Projects/Booker/peanut-booker/frontend/src/components/common/Input.tsx","statementMap":{"0":{"start":{"line":10,"column":6},"end":{"line":43,"column":null}},"1":{"start":{"line":12,"column":20},"end":{"line":12,"column":null}},"2":{"start":{"line":14,"column":4},"end":{"line":40,"column":null}},"3":{"start":{"line":45,"column":0},"end":{"line":45,"column":null}},"4":{"start":{"line":53,"column":13},"end":{"line":86,"column":null}},"5":{"start":{"line":55,"column":20},"end":{"line":55,"column":null}},"6":{"start":{"line":57,"column":4},"end":{"line":83,"column":null}},"7":{"start":{"line":88,"column":0},"end":{"line":88,"column":null}}},"fnMap":{"0":{"name":"(anonymous_0)","decl":{"start":{"line":11,"column":2},"end":{"line":11,"column":3}},"loc":{"start":{"line":11,"column":60},"end":{"line":42,"column":null}},"line":11},"1":{"name":"(anonymous_1)","decl":{"start":{"line":54,"column":2},"end":{"line":54,"column":3}},"loc":{"start":{"line":54,"column":60},"end":{"line":85,"column":null}},"line":54}},"branchMap":{"0":{"loc":{"start":{"line":12,"column":20},"end":{"line":12,"column":null}},"type":"binary-expr","locations":[{"start":{"line":12,"column":20},"end":{"line":12,"column":26}},{"start":{"line":12,"column":26},"end":{"line":12,"column":null}}],"line":12},"1":{"loc":{"start":{"line":16,"column":9},"end":{"line":19,"column":null}},"type":"binary-expr","locations":[{"start":{"line":16,"column":9},"end":{"line":16,"column":null}},{"start":{"line":17,"column":10},"end":{"line":19,"column":null}}],"line":16},"2":{"loc":{"start":{"line":27,"column":12},"end":{"line":29,"column":null}},"type":"cond-expr","locations":[{"start":{"line":28,"column":16},"end":{"line":28,"column":null}},{"start":{"line":29,"column":16},"end":{"line":29,"column":null}}],"line":27},"3":{"loc":{"start":{"line":34,"column":9},"end":{"line":35,"column":null}},"type":"binary-expr","locations":[{"start":{"line":34,"column":9},"end":{"line":34,"column":17}},{"start":{"line":34,"column":17},"end":{"line":34,"column":null}},{"start":{"line":35,"column":10},"end":{"line":35,"column":null}}],"line":34},"4":{"loc":{"start":{"line":37,"column":9},"end":{"line":38,"column":null}},"type":"binary-expr","locations":[{"start":{"line":37,"column":9},"end":{"line":37,"column":null}},{"start":{"line":38,"column":10},"end":{"line":38,"column":null}}],"line":37},"5":{"loc":{"start":{"line":55,"column":20},"end":{"line":55,"column":null}},"type":"binary-expr","locations":[{"start":{"line":55,"column":20},"end":{"line":55,"column":26}},{"start":{"line":55,"column":26},"end":{"line":55,"column":null}}],"line":55},"6":{"loc":{"start":{"line":59,"column":9},"end":{"line":62,"column":null}},"type":"binary-expr","locations":[{"start":{"line":59,"column":9},"end":{"line":59,"column":null}},{"start":{"line":60,"column":10},"end":{"line":62,"column":null}}],"line":59},"7":{"loc":{"start":{"line":70,"column":12},"end":{"line":72,"column":null}},"type":"cond-expr","locations":[{"start":{"line":71,"column":16},"end":{"line":71,"column":null}},{"start":{"line":72,"column":16},"end":{"line":72,"column":null}}],"line":70},"8":{"loc":{"start":{"line":77,"column":9},"end":{"line":78,"column":null}},"type":"binary-expr","locations":[{"start":{"line":77,"column":9},"end":{"line":77,"column":17}},{"start":{"line":77,"column":17},"end":{"line":77,"column":null}},{"start":{"line":78,"column":10},"end":{"line":78,"column":null}}],"line":77},"9":{"loc":{"start":{"line":80,"column":9},"end":{"line":81,"column":null}},"type":"binary-expr","locations":[{"start":{"line":80,"column":9},"end":{"line":80,"column":null}},{"start":{"line":81,"column":10},"end":{"line":81,"column":null}}],"line":80}},"s":{"0":4,"1":18,"2":18,"3":4,"4":4,"5":10,"6":10,"7":4},"f":{"0":18,"1":10},"b":{"0":[18,16],"1":[18,3],"2":[3,15],"3":[18,2,1],"4":[18,3],"5":[10,10],"6":[10,1],"7":[3,7],"8":[10,2,1],"9":[10,3]},"meta":{"lastBranch":10,"lastFunction":2,"lastStatement":8,"seen":{"s:10:6:43:Infinity":0,"f:11:2:11:3":0,"s:12:20:12:Infinity":1,"b:12:20:12:26:12:26:12:Infinity":0,"s:14:4:40:Infinity":2,"b:16:9:16:Infinity:17:10:19:Infinity":1,"b:28:16:28:Infinity:29:16:29:Infinity":2,"b:34:9:34:17:34:17:34:Infinity:35:10:35:Infinity":3,"b:37:9:37:Infinity:38:10:38:Infinity":4,"s:45:0:45:Infinity":3,"s:53:13:86:Infinity":4,"f:54:2:54:3":1,"s:55:20:55:Infinity":5,"b:55:20:55:26:55:26:55:Infinity":5,"s:57:4:83:Infinity":6,"b:59:9:59:Infinity:60:10:62:Infinity":6,"b:71:16:71:Infinity:72:16:72:Infinity":7,"b:77:9:77:17:77:17:77:Infinity:78:10:78:Infinity":8,"b:80:9:80:Infinity:81:10:81:Infinity":9,"s:88:0:88:Infinity":7}}}
,"/Users/nattyb/Library/Mobile Documents/com~apple~CloudDocs/Documents/Peanut Graphic Coding Projects/Booker/peanut-booker/frontend/src/components/common/Modal.tsx": {"path":"/Users/nattyb/Library/Mobile Documents/com~apple~CloudDocs/Documents/Peanut Graphic Coding Projects/Booker/peanut-booker/frontend/src/components/common/Modal.tsx","statementMap":{"0":{"start":{"line":7,"column":28},"end":{"line":14,"column":null}},"1":{"start":{"line":40,"column":8},"end":{"line":40,"column":null}},"2":{"start":{"line":41,"column":8},"end":{"line":41,"column":null}},"3":{"start":{"line":42,"column":8},"end":{"line":42,"column":null}},"4":{"start":{"line":43,"column":8},"end":{"line":43,"column":null}},"5":{"start":{"line":44,"column":8},"end":{"line":44,"column":null}},"6":{"start":{"line":46,"column":16},"end":{"line":51,"column":null}},"7":{"start":{"line":54,"column":8},"end":{"line":59,"column":null}},"8":{"start":{"line":55,"column":4},"end":{"line":55,"column":null}},"9":{"start":{"line":55,"column":27},"end":{"line":55,"column":null}},"10":{"start":{"line":56,"column":4},"end":{"line":58,"column":null}},"11":{"start":{"line":58,"column":21},"end":{"line":58,"column":45}},"12":{"start":{"line":62,"column":8},"end":{"line":90,"column":null}},"13":{"start":{"line":64,"column":6},"end":{"line":68,"column":null}},"14":{"start":{"line":65,"column":8},"end":{"line":65,"column":null}},"15":{"start":{"line":66,"column":8},"end":{"line":66,"column":null}},"16":{"start":{"line":67,"column":8},"end":{"line":67,"column":null}},"17":{"start":{"line":70,"column":6},"end":{"line":70,"column":null}},"18":{"start":{"line":70,"column":27},"end":{"line":70,"column":null}},"19":{"start":{"line":72,"column":32},"end":{"line":72,"column":null}},"20":{"start":{"line":73,"column":6},"end":{"line":73,"column":null}},"21":{"start":{"line":73,"column":42},"end":{"line":73,"column":null}},"22":{"start":{"line":75,"column":27},"end":{"line":75,"column":null}},"23":{"start":{"line":76,"column":26},"end":{"line":76,"column":null}},"24":{"start":{"line":79,"column":6},"end":{"line":87,"column":null}},"25":{"start":{"line":80,"column":8},"end":{"line":80,"column":null}},"26":{"start":{"line":81,"column":8},"end":{"line":81,"column":null}},"27":{"start":{"line":82,"column":6},"end":{"line":87,"column":null}},"28":{"start":{"line":85,"column":8},"end":{"line":85,"column":null}},"29":{"start":{"line":86,"column":8},"end":{"line":86,"column":null}},"30":{"start":{"line":93,"column":2},"end":{"line":133,"column":null}},"31":{"start":{"line":94,"column":4},"end":{"line":94,"column":null}},"32":{"start":{"line":94,"column":17},"end":{"line":94,"column":null}},"33":{"start":{"line":97,"column":4},"end":{"line":97,"column":null}},"34":{"start":{"line":100,"column":29},"end":{"line":100,"column":null}},"35":{"start":{"line":101,"column":4},"end":{"line":101,"column":null}},"36":{"start":{"line":104,"column":28},"end":{"line":115,"column":null}},"37":{"start":{"line":105,"column":6},"end":{"line":114,"column":null}},"38":{"start":{"line":106,"column":8},"end":{"line":106,"column":null}},"39":{"start":{"line":107,"column":6},"end":{"line":114,"column":null}},"40":{"start":{"line":108,"column":8},"end":{"line":108,"column":null}},"41":{"start":{"line":110,"column":34},"end":{"line":110,"column":null}},"42":{"start":{"line":111,"column":8},"end":{"line":113,"column":null}},"43":{"start":{"line":112,"column":10},"end":{"line":112,"column":null}},"44":{"start":{"line":118,"column":22},"end":{"line":118,"column":null}},"45":{"start":{"line":121,"column":4},"end":{"line":121,"column":null}},"46":{"start":{"line":123,"column":4},"end":{"line":132,"column":null}},"47":{"start":{"line":124,"column":6},"end":{"line":124,"column":null}},"48":{"start":{"line":125,"column":6},"end":{"line":125,"column":null}},"49":{"start":{"line":126,"column":6},"end":{"line":126,"column":null}},"50":{"start":{"line":129,"column":6},"end":{"line":131,"column":null}},"51":{"start":{"line":130,"column":8},"end":{"line":130,"column":null}},"52":{"start":{"line":135,"column":2},"end":{"line":135,"column":null}},"53":{"start":{"line":135,"column":15},"end":{"line":135,"column":null}},"54":{"start":{"line":137,"column":2},"end":{"line":205,"column":null}},"55":{"start":{"line":163,"column":28},"end":{"line":163,"column":null}},"56":{"start":{"line":232,"column":8},"end":{"line":232,"column":null}},"57":{"start":{"line":233,"column":8},"end":{"line":233,"column":null}},"58":{"start":{"line":237,"column":26},"end":{"line":237,"column":null}},"59":{"start":{"line":240,"column":8},"end":{"line":253,"column":null}},"60":{"start":{"line":243,"column":6},"end":{"line":250,"column":null}},"61":{"start":{"line":248,"column":8},"end":{"line":248,"column":null}},"62":{"start":{"line":249,"column":8},"end":{"line":249,"column":null}},"63":{"start":{"line":255,"column":2},"end":{"line":284,"column":null}}},"fnMap":{"0":{"name":"Modal","decl":{"start":{"line":29,"column":24},"end":{"line":29,"column":30}},"loc":{"start":{"line":39,"column":15},"end":{"line":207,"column":null}},"line":39},"1":{"name":"(anonymous_1)","decl":{"start":{"line":54,"column":43},"end":{"line":54,"column":49}},"loc":{"start":{"line":54,"column":49},"end":{"line":59,"column":5}},"line":54},"2":{"name":"(anonymous_2)","decl":{"start":{"line":58,"column":13},"end":{"line":58,"column":14}},"loc":{"start":{"line":58,"column":21},"end":{"line":58,"column":45}},"line":58},"3":{"name":"(anonymous_3)","decl":{"start":{"line":63,"column":4},"end":{"line":63,"column":5}},"loc":{"start":{"line":63,"column":26},"end":{"line":88,"column":null}},"line":63},"4":{"name":"(anonymous_4)","decl":{"start":{"line":93,"column":12},"end":{"line":93,"column":18}},"loc":{"start":{"line":93,"column":18},"end":{"line":133,"column":5}},"line":93},"5":{"name":"(anonymous_5)","decl":{"start":{"line":104,"column":28},"end":{"line":104,"column":34}},"loc":{"start":{"line":104,"column":34},"end":{"line":115,"column":null}},"line":104},"6":{"name":"(anonymous_6)","decl":{"start":{"line":123,"column":11},"end":{"line":123,"column":17}},"loc":{"start":{"line":123,"column":17},"end":{"line":132,"column":null}},"line":123},"7":{"name":"(anonymous_7)","decl":{"start":{"line":163,"column":21},"end":{"line":163,"column":22}},"loc":{"start":{"line":163,"column":28},"end":{"line":163,"column":null}},"line":163},"8":{"name":"ConfirmModal","decl":{"start":{"line":221,"column":16},"end":{"line":221,"column":29}},"loc":{"start":{"line":231,"column":22},"end":{"line":286,"column":null}},"line":231},"9":{"name":"(anonymous_9)","decl":{"start":{"line":241,"column":4},"end":{"line":241,"column":5}},"loc":{"start":{"line":241,"column":32},"end":{"line":251,"column":null}},"line":241}},"branchMap":{"0":{"loc":{"start":{"line":35,"column":2},"end":{"line":35,"column":null}},"type":"default-arg","locations":[{"start":{"line":35,"column":9},"end":{"line":35,"column":null}}],"line":35},"1":{"loc":{"start":{"line":36,"column":2},"end":{"line":36,"column":null}},"type":"default-arg","locations":[{"start":{"line":36,"column":14},"end":{"line":36,"column":null}}],"line":36},"2":{"loc":{"start":{"line":55,"column":4},"end":{"line":55,"column":null}},"type":"if","locations":[{"start":{"line":55,"column":4},"end":{"line":55,"column":null}},{"start":{},"end":{}}],"line":55},"3":{"loc":{"start":{"line":64,"column":6},"end":{"line":68,"column":null}},"type":"if","locations":[{"start":{"line":64,"column":6},"end":{"line":68,"column":null}},{"start":{},"end":{}}],"line":64},"4":{"loc":{"start":{"line":70,"column":6},"end":{"line":70,"column":null}},"type":"if","locations":[{"start":{"line":70,"column":6},"end":{"line":70,"column":null}},{"start":{},"end":{}}],"line":70},"5":{"loc":{"start":{"line":73,"column":6},"end":{"line":73,"column":null}},"type":"if","locations":[{"start":{"line":73,"column":6},"end":{"line":73,"column":null}},{"start":{},"end":{}}],"line":73},"6":{"loc":{"start":{"line":79,"column":6},"end":{"line":87,"column":null}},"type":"if","locations":[{"start":{"line":79,"column":6},"end":{"line":87,"column":null}},{"start":{"line":82,"column":6},"end":{"line":87,"column":null}}],"line":79},"7":{"loc":{"start":{"line":79,"column":10},"end":{"line":79,"column":65}},"type":"binary-expr","locations":[{"start":{"line":79,"column":10},"end":{"line":79,"column":24}},{"start":{"line":79,"column":24},"end":{"line":79,"column":65}}],"line":79},"8":{"loc":{"start":{"line":82,"column":6},"end":{"line":87,"column":null}},"type":"if","locations":[{"start":{"line":82,"column":6},"end":{"line":87,"column":null}},{"start":{},"end":{}}],"line":82},"9":{"loc":{"start":{"line":84,"column":15},"end":{"line":84,"column":70}},"type":"binary-expr","locations":[{"start":{"line":84,"column":15},"end":{"line":84,"column":30}},{"start":{"line":84,"column":30},"end":{"line":84,"column":70}}],"line":84},"10":{"loc":{"start":{"line":94,"column":4},"end":{"line":94,"column":null}},"type":"if","locations":[{"start":{"line":94,"column":4},"end":{"line":94,"column":null}},{"start":{},"end":{}}],"line":94},"11":{"loc":{"start":{"line":105,"column":6},"end":{"line":114,"column":null}},"type":"if","locations":[{"start":{"line":105,"column":6},"end":{"line":114,"column":null}},{"start":{"line":107,"column":6},"end":{"line":114,"column":null}}],"line":105},"12":{"loc":{"start":{"line":107,"column":6},"end":{"line":114,"column":null}},"type":"if","locations":[{"start":{"line":107,"column":6},"end":{"line":114,"column":null}},{"start":{"line":109,"column":13},"end":{"line":114,"column":null}}],"line":107},"13":{"loc":{"start":{"line":111,"column":8},"end":{"line":113,"column":null}},"type":"if","locations":[{"start":{"line":111,"column":8},"end":{"line":113,"column":null}},{"start":{},"end":{}}],"line":111},"14":{"loc":{"start":{"line":129,"column":6},"end":{"line":131,"column":null}},"type":"if","locations":[{"start":{"line":129,"column":6},"end":{"line":131,"column":null}},{"start":{},"end":{}}],"line":129},"15":{"loc":{"start":{"line":129,"column":10},"end":{"line":129,"column":80}},"type":"binary-expr","locations":[{"start":{"line":129,"column":10},"end":{"line":129,"column":43}},{"start":{"line":129,"column":43},"end":{"line":129,"column":80}}],"line":129},"16":{"loc":{"start":{"line":135,"column":2},"end":{"line":135,"column":null}},"type":"if","locations":[{"start":{"line":135,"column":2},"end":{"line":135,"column":null}},{"start":{},"end":{}}],"line":135},"17":{"loc":{"start":{"line":156,"column":29},"end":{"line":156,"column":null}},"type":"cond-expr","locations":[{"start":{"line":156,"column":37},"end":{"line":156,"column":47}},{"start":{"line":156,"column":47},"end":{"line":156,"column":null}}],"line":156},"18":{"loc":{"start":{"line":157,"column":30},"end":{"line":157,"column":null}},"type":"cond-expr","locations":[{"start":{"line":157,"column":44},"end":{"line":157,"column":60}},{"start":{"line":157,"column":60},"end":{"line":157,"column":null}}],"line":157},"19":{"loc":{"start":{"line":166,"column":14},"end":{"line":197,"column":null}},"type":"binary-expr","locations":[{"start":{"line":166,"column":14},"end":{"line":166,"column":23}},{"start":{"line":166,"column":23},"end":{"line":166,"column":null}},{"start":{"line":167,"column":14},"end":{"line":197,"column":null}}],"line":166},"20":{"loc":{"start":{"line":169,"column":19},"end":{"line":175,"column":null}},"type":"binary-expr","locations":[{"start":{"line":169,"column":19},"end":{"line":169,"column":null}},{"start":{"line":170,"column":20},"end":{"line":175,"column":null}}],"line":169},"21":{"loc":{"start":{"line":177,"column":19},"end":{"line":180,"column":null}},"type":"binary-expr","locations":[{"start":{"line":177,"column":19},"end":{"line":177,"column":null}},{"start":{"line":178,"column":20},"end":{"line":180,"column":null}}],"line":177},"22":{"loc":{"start":{"line":183,"column":17},"end":{"line":195,"column":null}},"type":"binary-expr","locations":[{"start":{"line":183,"column":17},"end":{"line":183,"column":null}},{"start":{"line":184,"column":18},"end":{"line":195,"column":null}}],"line":183},"23":{"loc":{"start":{"line":227,"column":2},"end":{"line":227,"column":null}},"type":"default-arg","locations":[{"start":{"line":227,"column":16},"end":{"line":227,"column":null}}],"line":227},"24":{"loc":{"start":{"line":228,"column":2},"end":{"line":228,"column":null}},"type":"default-arg","locations":[{"start":{"line":228,"column":15},"end":{"line":228,"column":null}}],"line":228},"25":{"loc":{"start":{"line":229,"column":2},"end":{"line":229,"column":null}},"type":"default-arg","locations":[{"start":{"line":229,"column":12},"end":{"line":229,"column":null}}],"line":229},"26":{"loc":{"start":{"line":230,"column":2},"end":{"line":230,"column":null}},"type":"default-arg","locations":[{"start":{"line":230,"column":12},"end":{"line":230,"column":null}}],"line":230},"27":{"loc":{"start":{"line":237,"column":26},"end":{"line":237,"column":null}},"type":"cond-expr","locations":[{"start":{"line":237,"column":49},"end":{"line":237,"column":67}},{"start":{"line":237,"column":67},"end":{"line":237,"column":null}}],"line":237},"28":{"loc":{"start":{"line":243,"column":6},"end":{"line":250,"column":null}},"type":"if","locations":[{"start":{"line":243,"column":6},"end":{"line":250,"column":null}},{"start":{},"end":{}}],"line":243},"29":{"loc":{"start":{"line":244,"column":8},"end":{"line":246,"column":null}},"type":"binary-expr","locations":[{"start":{"line":244,"column":8},"end":{"line":244,"column":null}},{"start":{"line":245,"column":8},"end":{"line":245,"column":null}},{"start":{"line":246,"column":8},"end":{"line":246,"column":null}}],"line":244},"30":{"loc":{"start":{"line":276,"column":21},"end":{"line":276,"column":null}},"type":"cond-expr","locations":[{"start":{"line":276,"column":44},"end":{"line":276,"column":55}},{"start":{"line":276,"column":55},"end":{"line":276,"column":null}}],"line":276}},"s":{"0":4,"1":45,"2":45,"3":45,"4":45,"5":45,"6":45,"7":45,"8":0,"9":0,"10":0,"11":0,"12":45,"13":2,"14":1,"15":1,"16":1,"17":1,"18":1,"19":0,"20":0,"21":0,"22":0,"23":0,"24":0,"25":0,"26":0,"27":0,"28":0,"29":0,"30":45,"31":45,"32":9,"33":36,"34":36,"35":36,"36":36,"37":0,"38":0,"39":0,"40":0,"41":0,"42":0,"43":0,"44":36,"45":36,"46":36,"47":36,"48":36,"49":36,"50":36,"51":36,"52":45,"53":9,"54":36,"55":5,"56":10,"57":10,"58":10,"59":10,"60":0,"61":0,"62":0,"63":10},"f":{"0":45,"1":0,"2":0,"3":2,"4":45,"5":0,"6":36,"7":5,"8":10,"9":0},"b":{"0":[45],"1":[45],"2":[0,0],"3":[1,1],"4":[1,0],"5":[0,0],"6":[0,0],"7":[0,0],"8":[0,0],"9":[0,0],"10":[9,36],"11":[0,0],"12":[0,0],"13":[0,0],"14":[36,0],"15":[36,36],"16":[9,36],"17":[35,1],"18":[2,34],"19":[45,1,36],"20":[36,35],"21":[36,2],"22":[36,35],"23":[10],"24":[10],"25":[10],"26":[10],"27":[1,9],"28":[0,0],"29":[0,0,0],"30":[1,9]},"meta":{"lastBranch":31,"lastFunction":10,"lastStatement":64,"seen":{"s:7:28:14:Infinity":0,"f:29:24:29:30":0,"b:35:9:35:Infinity":0,"b:36:14:36:Infinity":1,"s:40:8:40:Infinity":1,"s:41:8:41:Infinity":2,"s:42:8:42:Infinity":3,"s:43:8:43:Infinity":4,"s:44:8:44:Infinity":5,"s:46:16:51:Infinity":6,"s:54:8:59:Infinity":7,"f:54:43:54:49":1,"b:55:4:55:Infinity:undefined:undefined:undefined:undefined":2,"s:55:4:55:Infinity":8,"s:55:27:55:Infinity":9,"s:56:4:58:Infinity":10,"f:58:13:58:14":2,"s:58:21:58:45":11,"s:62:8:90:Infinity":12,"f:63:4:63:5":3,"b:64:6:68:Infinity:undefined:undefined:undefined:undefined":3,"s:64:6:68:Infinity":13,"s:65:8:65:Infinity":14,"s:66:8:66:Infinity":15,"s:67:8:67:Infinity":16,"b:70:6:70:Infinity:undefined:undefined:undefined:undefined":4,"s:70:6:70:Infinity":17,"s:70:27:70:Infinity":18,"s:72:32:72:Infinity":19,"b:73:6:73:Infinity:undefined:undefined:undefined:undefined":5,"s:73:6:73:Infinity":20,"s:73:42:73:Infinity":21,"s:75:27:75:Infinity":22,"s:76:26:76:Infinity":23,"b:79:6:87:Infinity:82:6:87:Infinity":6,"s:79:6:87:Infinity":24,"b:79:10:79:24:79:24:79:65":7,"s:80:8:80:Infinity":25,"s:81:8:81:Infinity":26,"b:82:6:87:Infinity:undefined:undefined:undefined:undefined":8,"s:82:6:87:Infinity":27,"b:84:15:84:30:84:30:84:70":9,"s:85:8:85:Infinity":28,"s:86:8:86:Infinity":29,"s:93:2:133:Infinity":30,"f:93:12:93:18":4,"b:94:4:94:Infinity:undefined:undefined:undefined:undefined":10,"s:94:4:94:Infinity":31,"s:94:17:94:Infinity":32,"s:97:4:97:Infinity":33,"s:100:29:100:Infinity":34,"s:101:4:101:Infinity":35,"s:104:28:115:Infinity":36,"f:104:28:104:34":5,"b:105:6:114:Infinity:107:6:114:Infinity":11,"s:105:6:114:Infinity":37,"s:106:8:106:Infinity":38,"b:107:6:114:Infinity:109:13:114:Infinity":12,"s:107:6:114:Infinity":39,"s:108:8:108:Infinity":40,"s:110:34:110:Infinity":41,"b:111:8:113:Infinity:undefined:undefined:undefined:undefined":13,"s:111:8:113:Infinity":42,"s:112:10:112:Infinity":43,"s:118:22:118:Infinity":44,"s:121:4:121:Infinity":45,"s:123:4:132:Infinity":46,"f:123:11:123:17":6,"s:124:6:124:Infinity":47,"s:125:6:125:Infinity":48,"s:126:6:126:Infinity":49,"b:129:6:131:Infinity:undefined:undefined:undefined:undefined":14,"s:129:6:131:Infinity":50,"b:129:10:129:43:129:43:129:80":15,"s:130:8:130:Infinity":51,"b:135:2:135:Infinity:undefined:undefined:undefined:undefined":16,"s:135:2:135:Infinity":52,"s:135:15:135:Infinity":53,"s:137:2:205:Infinity":54,"b:156:37:156:47:156:47:156:Infinity":17,"b:157:44:157:60:157:60:157:Infinity":18,"f:163:21:163:22":7,"s:163:28:163:Infinity":55,"b:166:14:166:23:166:23:166:Infinity:167:14:197:Infinity":19,"b:169:19:169:Infinity:170:20:175:Infinity":20,"b:177:19:177:Infinity:178:20:180:Infinity":21,"b:183:17:183:Infinity:184:18:195:Infinity":22,"f:221:16:221:29":8,"b:227:16:227:Infinity":23,"b:228:15:228:Infinity":24,"b:229:12:229:Infinity":25,"b:230:12:230:Infinity":26,"s:232:8:232:Infinity":56,"s:233:8:233:Infinity":57,"s:237:26:237:Infinity":58,"b:237:49:237:67:237:67:237:Infinity":27,"s:240:8:253:Infinity":59,"f:241:4:241:5":9,"b:243:6:250:Infinity:undefined:undefined:undefined:undefined":28,"s:243:6:250:Infinity":60,"b:244:8:244:Infinity:245:8:245:Infinity:246:8:246:Infinity":29,"s:248:8:248:Infinity":61,"s:249:8:249
[...]
28":0,"29":0,"30":0,"31":0,"32":0,"33":0,"34":0,"35":0,"36":0,"37":0,"38":0,"39":0,"40":0,"41":0,"42":0,"43":0,"44":0,"45":0,"46":0,"47":0,"48":0,"49":0,"50":0,"51":0,"52":0},"f":{"0":0,"1":0,"2":0,"3":0,"4":0,"5":0,"6":0,"7":0,"8":0,"9":0,"10":0,"11":0,"12":0,"13":0,"14":0,"15":0,"16":0,"17":0,"18":0,"19":0,"20":0,"21":0,"22":0,"23":0,"24":0,"25":0,"26":0,"27":0,"28":0,"29":0,"30":0,"31":0,"32":0},"b":{"0":[0,0],"1":[0,0],"2":[0,0],"3":[0,0],"4":[0,0],"5":[0,0],"6":[0,0],"7":[0,0],"8":[0,0],"9":[0,0],"10":[0,0],"11":[0,0],"12":[0,0],"13":[0,0],"14":[0,0],"15":[0,0],"16":[0,0],"17":[0,0],"18":[0,0],"19":[0,0],"20":[0,0],"21":[0,0],"22":[0,0],"23":[0,0],"24":[0,0],"25":[0,0],"26":[0,0],"27":[0,0],"28":[0,0],"29":[0,0],"30":[0,0]},"meta":{"lastBranch":31,"lastFunction":33,"lastStatement":53,"seen":{"s:19:45:27:Infinity":0,"f:29:24:29:35":0,"s:30:8:30:Infinity":1,"s:31:8:31:Infinity":2,"s:32:32:32:Infinity":3,"s:33:30:33:Infinity":4,"s:34:34:34:Infinity":5,"s:36:36:39:Infinity":6,"s:41:2:45:Infinity":7,"f:41:12:41:18":1,"b:42:4:44:Infinity:undefined:undefined:undefined:undefined":0,"s:42:4:44:Infinity":8,"s:43:6:43:Infinity":9,"s:47:8:56:Infinity":10,"f:48:16:48:17":2,"s:48:49:48:Infinity":11,"f:49:15:49:21":3,"s:50:6:50:Infinity":12,"s:51:6:51:Infinity":13,"f:53:13:53:19":4,"s:54:6:54:Infinity":14,"s:58:8:68:Infinity":15,"f:59:16:59:17":5,"s:59:33:59:Infinity":16,"f:60:15:60:16":6,"s:61:6:61:Infinity":17,"s:62:6:62:Infinity":18,"b:62:20:62:36:62:36:62:55":1,"s:63:6:63:Infinity":19,"f:65:13:65:14":7,"s:66:6:66:Infinity":20,"b:66:18:66:35:66:35:66:63":2,"s:70:8:79:Infinity":21,"f:71:16:71:22":8,"s:71:22:71:Infinity":22,"f:72:15:72:21":9,"s:73:6:73:Infinity":23,"s:74:6:74:Infinity":24,"f:76:13:76:19":10,"s:77:6:77:Infinity":25,"s:81:23:83:Infinity":26,"f:81:23:81:24":11,"s:82:4:82:Infinity":27,"f:82:16:82:17":12,"s:82:27:82:55":28,"s:85:21:87:Infinity":29,"f:85:21:85:27":13,"s:86:4:86:Infinity":30,"b:89:2:100:Infinity:undefined:undefined:undefined:undefined":3,"s:89:2:100:Infinity":31,"s:90:4:98:Infinity":32,"s:102:2:412:Infinity":33,"f:106:18:106:19":14,"s:107:10:118:Infinity":34,"f:109:21:109:27":15,"s:109:27:109:Infinity":35,"b:113:18:113:Infinity:114:18:114:Infinity":4,"b:124:9:124:Infinity:125:10:155:Infinity":5,"b:133:23:133:44:133:44:133:Infinity":6,"f:134:26:134:27":16,"s:134:33:134:Infinity":36,"b:143:20:143:Infinity:145:20:145:Infinity":7,"b:150:22:150:Infinity:151:22:151:Infinity":8,"b:158:9:158:Infinity:159:10:211:Infinity":9,"b:165:14:187:Infinity:189:14:209:Infinity":10,"b:171:23:171:Infinity:172:24:174:Infinity":11,"f:181:29:181:35":17,"s:181:35:181:Infinity":37,"f:194:30:194:31":18,"s:194:37:194:Infinity":38,"f:200:31:200:37":19,"s:200:37:200:Infinity":39,"b:214:9:214:Infinity:215:10:249:Infinity":12,"b:224:23:224:56:224:56:224:Infinity":13,"f:225:26:225:27":20,"s:226:18:226:Infinity":40,"b:233:23:233:55:233:55:233:Infinity":14,"f:234:26:234:27":21,"s:235:18:235:Infinity":41,"b:242:23:242:60:242:60:242:Infinity":15,"f:243:26:243:27":22,"s:244:18:244:Infinity":42,"b:252:9:252:Infinity:253:10:278:Infinity":16,"b:262:23:262:53:262:53:262:Infinity":17,"f:263:26:263:27":23,"s:264:18:264:Infinity":43,"b:271:23:271:52:271:52:271:Infinity":18,"f:272:26:272:27":24,"s:273:18:273:Infinity":44,"b:281:9:281:Infinity:282:10:316:Infinity":19,"b:291:23:291:58:291:58:291:Infinity":20,"f:292:26:292:27":25,"s:293:18:293:Infinity":45,"b:300:23:300:58:300:58:300:Infinity":21,"f:301:26:301:27":26,"s:302:18:302:Infinity":46,"b:309:23:309:60:309:60:309:Infinity":22,"f:310:26:310:27":27,"s:311:18:311:Infinity":47,"b:319:9:319:Infinity:320:10:357:Infinity":23,"b:329:23:329:52:329:52:329:Infinity":24,"f:330:26:330:27":28,"s:331:18:331:Infinity":48,"b:338:23:338:50:338:50:338:Infinity":25,"f:339:26:339:27":29,"s:340:18:340:Infinity":49,"b:347:23:347:54:347:54:347:Infinity":26,"f:348:26:348:27":30,"s:349:18:349:Infinity":50,"b:360:9:360:Infinity:361:10:396:Infinity":27,"b:369:23:369:52:369:52:369:Infinity":28,"f:370:26:370:27":31,"s:370:33:370:Infinity":51,"b:377:23:377:56:377:56:377:Infinity":29,"f:378:26:378:27":32,"s:379:18:379:Infinity":52,"b:400:9:400:Infinity:401:10:409:Infinity":30}}}
,"/Users/nattyb/Library/Mobile Documents/com~apple~CloudDocs/Documents/Peanut Graphic Coding Projects/Booker/peanut-booker/frontend/src/pages/index.ts": {"path":"/Users/nattyb/Library/Mobile Documents/com~apple~CloudDocs/Documents/Peanut Graphic Coding Projects/Booker/peanut-booker/frontend/src/pages/index.ts","statementMap":{},"fnMap":{},"branchMap":{},"s":{},"f":{},"b":{},"meta":{"lastBranch":0,"lastFunction":0,"lastStatement":0,"seen":{}}}
,"/Users/nattyb/Library/Mobile Documents/com~apple~CloudDocs/Documents/Peanut Graphic Coding Projects/Booker/peanut-booker/frontend/src/store/index.ts": {"path":"/Users/nattyb/Library/Mobile Documents/com~apple~CloudDocs/Documents/Peanut Graphic Coding Projects/Booker/peanut-booker/frontend/src/store/index.ts","statementMap":{},"fnMap":{},"branchMap":{},"s":{},"f":{},"b":{},"meta":{"lastBranch":0,"lastFunction":0,"lastStatement":0,"seen":{}}}
,"/Users/nattyb/Library/Mobile Documents/com~apple~CloudDocs/Documents/Peanut Graphic Coding Projects/Booker/peanut-booker/frontend/src/store/useAppStore.ts": {"path":"/Users/nattyb/Library/Mobile Documents/com~apple~CloudDocs/Documents/Peanut Graphic Coding Projects/Booker/peanut-booker/frontend/src/store/useAppStore.ts","statementMap":{"0":{"start":{"line":10,"column":13},"end":{"line":21,"column":null}},"1":{"start":{"line":12,"column":14},"end":{"line":16,"column":null}},"2":{"start":{"line":14,"column":42},"end":{"line":14,"column":null}},"3":{"start":{"line":15,"column":27},"end":{"line":15,"column":null}},"4":{"start":{"line":15,"column":43},"end":{"line":15,"column":89}}},"fnMap":{"0":{"name":"(anonymous_0)","decl":{"start":{"line":12,"column":4},"end":{"line":12,"column":5}},"loc":{"start":{"line":12,"column":14},"end":{"line":16,"column":null}},"line":12},"1":{"name":"(anonymous_1)","decl":{"start":{"line":14,"column":27},"end":{"line":14,"column":28}},"loc":{"start":{"line":14,"column":42},"end":{"line":14,"column":null}},"line":14},"2":{"name":"(anonymous_2)","decl":{"start":{"line":15,"column":21},"end":{"line":15,"column":27}},"loc":{"start":{"line":15,"column":27},"end":{"line":15,"column":null}},"line":15},"3":{"name":"(anonymous_3)","decl":{"start":{"line":15,"column":31},"end":{"line":15,"column":32}},"loc":{"start":{"line":15,"column":43},"end":{"line":15,"column":89}},"line":15}},"branchMap":{},"s":{"0":0,"1":0,"2":0,"3":0,"4":0},"f":{"0":0,"1":0,"2":0,"3":0},"b":{},"meta":{"lastBranch":0,"lastFunction":4,"lastStatement":5,"seen":{"s:10:13:21:Infinity":0,"f:12:4:12:5":0,"s:12:14:16:Infinity":1,"f:14:27:14:28":1,"s:14:42:14:Infinity":2,"f:15:21:15:27":2,"s:15:27:15:Infinity":3,"f:15:31:15:32":3,"s:15:43:15:89":4}}}
,"/Users/nattyb/Library/Mobile Documents/com~apple~CloudDocs/Documents/Peanut Graphic Coding Projects/Booker/peanut-booker/frontend/src/store/useFilterStore.ts": {"path":"/Users/nattyb/Library/Mobile Documents/com~apple~CloudDocs/Documents/Peanut Graphic Coding Projects/Booker/peanut-booker/frontend/src/store/useFilterStore.ts","statementMap":{"0":{"start":{"line":26,"column":50},"end":{"line":31,"column":null}},"1":{"start":{"line":33,"column":46},"end":{"line":38,"column":null}},"2":{"start":{"line":40,"column":44},"end":{"line":45,"column":null}},"3":{"start":{"line":47,"column":44},"end":{"line":50,"column":null}},"4":{"start":{"line":52,"column":13},"end":{"line":84,"column":null}},"5":{"start":{"line":52,"column":60},"end":{"line":84,"column":2}},"6":{"start":{"line":56,"column":4},"end":{"line":58,"column":null}},"7":{"start":{"line":56,"column":20},"end":{"line":58,"column":6}},"8":{"start":{"line":59,"column":31},"end":{"line":59,"column":null}},"9":{"start":{"line":64,"column":4},"end":{"line":66,"column":null}},"10":{"start":{"line":64,"column":20},"end":{"line":66,"column":6}},"11":{"start":{"line":67,"column":29},"end":{"line":67,"column":null}},"12":{"start":{"line":72,"column":4},"end":{"line":74,"column":null}},"13":{"start":{"line":72,"column":20},"end":{"line":74,"column":6}},"14":{"start":{"line":75,"column":28},"end":{"line":75,"column":null}},"15":{"start":{"line":80,"column":4},"end":{"line":82,"column":null}},"16":{"start":{"line":80,"column":20},"end":{"line":82,"column":6}},"17":{"start":{"line":83,"column":28},"end":{"line":83,"column":null}}},"fnMap":{"0":{"name":"(anonymous_0)","decl":{"start":{"line":52,"column":50},"end":{"line":52,"column":51}},"loc":{"start":{"line":52,"column":60},"end":{"line":84,"column":2}},"line":52},"1":{"name":"(anonymous_1)","decl":{"start":{"line":55,"column":22},"end":{"line":55,"column":23}},"loc":{"start":{"line":56,"column":4},"end":{"line":58,"column":null}},"line":56},"2":{"name":"(anonymous_2)","decl":{"start":{"line":56,"column":8},"end":{"line":56,"column":9}},"loc":{"start":{"line":56,"column":20},"end":{"line":58,"column":6}},"line":56},"3":{"name":"(anonymous_3)","decl":{"start":{"line":59,"column":25},"end":{"line":59,"column":31}},"loc":{"start":{"line":59,"column":31},"end":{"line":59,"column":null}},"line":59},"4":{"name":"(anonymous_4)","decl":{"start":{"line":63,"column":20},"end":{"line":63,"column":21}},"loc":{"start":{"line":64,"column":4},"end":{"line":66,"column":null}},"line":64},"5":{"name":"(anonymous_5)","decl":{"start":{"line":64,"column":8},"end":{"line":64,"column":9}},"loc":{"start":{"line":64,"column":20},"end":{"line":66,"column":6}},"line":64},"6":{"name":"(anonymous_6)","decl":{"start":{"line":67,"column":23},"end":{"line":67,"column":29}},"loc":{"start":{"line":67,"column":29},"end":{"line":67,"column":null}},"line":67},"7":{"name":"(anonymous_7)","decl":{"start":{"line":71,"column":19},"end":{"line":71,"column":20}},"loc":{"start":{"line":72,"column":4},"end":{"line":74,"column":null}},"line":72},"8":{"name":"(anonymous_8)","decl":{"start":{"line":72,"column":8},"end":{"line":72,"column":9}},"loc":{"start":{"line":72,"column":20},"end":{"line":74,"column":6}},"line":72},"9":{"name":"(anonymous_9)","decl":{"start":{"line":75,"column":22},"end":{"line":75,"column":28}},"loc":{"start":{"line":75,"column":28},"end":{"line":75,"column":null}},"line":75},"10":{"name":"(anonymous_10)","decl":{"start":{"line":79,"column":19},"end":{"line":79,"column":20}},"loc":{"start":{"line":80,"column":4},"end":{"line":82,"column":null}},"line":80},"11":{"name":"(anonymous_11)","decl":{"start":{"line":80,"column":8},"end":{"line":80,"column":9}},"loc":{"start":{"line":80,"column":20},"end":{"line":82,"column":6}},"line":80},"12":{"name":"(anonymous_12)","decl":{"start":{"line":83,"column":22},"end":{"line":83,"column":28}},"loc":{"start":{"line":83,"column":28},"end":{"line":83,"column":null}},"line":83}},"branchMap":{},"s":{"0":0,"1":0,"2":0,"3":0,"4":0,"5":0,"6":0,"7":0,"8":0,"9":0,"10":0,"11":0,"12":0,"13":0,"14":0,"15":0,"16":0,"17":0},"f":{"0":0,"1":0,"2":0,"3":0,"4":0,"5":0,"6":0,"7":0,"8":0,"9":0,"10":0,"11":0,"12":0},"b":{},"meta":{"lastBranch":0,"lastFunction":13,"lastStatement":18,"seen":{"s:26:50:31:Infinity":0,"s:33:46:38:Infinity":1,"s:40:44:45:Infinity":2,"s:47:44:50:Infinity":3,"s:52:13:84:Infinity":4,"f:52:50:52:51":0,"s:52:60:84:2":5,"f:55:22:55:23":1,"s:56:4:58:Infinity":6,"f:56:8:56:9":2,"s:56:20:58:6":7,"f:59:25:59:31":3,"s:59:31:59:Infinity":8,"f:63:20:63:21":4,"s:64:4:66:Infinity":9,"f:64:8:64:9":5,"s:64:20:66:6":10,"f:67:23:67:29":6,"s:67:29:67:Infinity":11,"f:71:19:71:20":7,"s:72:4:74:Infinity":12,"f:72:8:72:9":8,"s:72:20:74:6":13,"f:75:22:75:28":9,"s:75:28:75:Infinity":14,"f:79:19:79:20":10,"s:80:4:82:Infinity":15,"f:80:8:80:9":11,"s:80:20:82:6":16,"f:83:22:83:28":12,"s:83:28:83:Infinity":17}}}
,"/Users/nattyb/Library/Mobile Documents/com~apple~CloudDocs/Documents/Peanut Graphic Coding Projects/Booker/peanut-booker/frontend/src/types/index.ts": {"path":"/Users/nattyb/Library/Mobile Documents/com~apple~CloudDocs/Documents/Peanut Graphic Coding Projects/Booker/peanut-booker/frontend/src/types/index.ts","statementMap":{},"fnMap":{},"branchMap":{},"s":{},"f":{},"b":{},"meta":{"lastBranch":0,"lastFunction":0,"lastStatement":0,"seen":{}}}
,"/Users/nattyb/Library/Mobile Documents/com~apple~CloudDocs/Documents/Peanut Graphic Coding Projects/Booker/peanut-booker/frontend/src/utils/index.ts": {"path":"/Users/nattyb/Library/Mobile Documents/com~apple~CloudDocs/Documents/Peanut Graphic Coding Projects/Booker/peanut-booker/frontend/src/utils/index.ts","statementMap":{"0":{"start":{"line":5,"column":2},"end":{"line":8,"column":null}},"1":{"start":{"line":13,"column":2},"end":{"line":13,"column":null}},"2":{"start":{"line":18,"column":2},"end":{"line":18,"column":null}},"3":{"start":{"line":23,"column":2},"end":{"line":23,"column":null}},"4":{"start":{"line":23,"column":29},"end":{"line":23,"column":null}},"5":{"start":{"line":24,"column":2},"end":{"line":24,"column":null}},"6":{"start":{"line":29,"column":2},"end":{"line":29,"column":null}},"7":{"start":{"line":37,"column":17},"end":{"line":37,"column":null}},"8":{"start":{"line":37,"column":38},"end":{"line":37,"column":47}},"9":{"start":{"line":38,"column":15},"end":{"line":48,"column":null}},"10":{"start":{"line":39,"column":4},"end":{"line":47,"column":null}},"11":{"start":{"line":41,"column":22},"end":{"line":41,"column":null}},"12":{"start":{"line":42,"column":8},"end":{"line":44,"column":null}},"13":{"start":{"line":43,"column":10},"end":{"line":43,"column":null}},"14":{"start":{"line":45,"column":8},"end":{"line":45,"column":null}},"15":{"start":{"line":49,"column":2},"end":{"line":49,"column":null}},"16":{"start":{"line":54,"column":15},"end":{"line":54,"column":null}},"17":{"start":{"line":55,"column":14},"end":{"line":55,"column":null}},"18":{"start":{"line":56,"column":12},"end":{"line":56,"column":null}},"19":{"start":{"line":57,"column":2},"end":{"line":57,"column":null}},"20":{"start":{"line":58,"column":2},"end":{"line":58,"column":null}},"21":{"start":{"line":59,"column":2},"end":{"line":59,"column":null}},"22":{"start":{"line":60,"column":2},"end":{"line":60,"column":null}},"23":{"start":{"line":69,"column":2},"end":{"line":72,"column":null}},"24":{"start":{"line":70,"column":4},"end":{"line":70,"column":null}},"25":{"start":{"line":71,"column":4},"end":{"line":71,"column":null}},"26":{"start":{"line":71,"column":33},"end":{"line":71,"column":46}},"27":{"start":{"line":77,"column":2},"end":{"line":77,"column":null}}},"fnMap":{"0":{"name":"formatCurrency","decl":{"start":{"line":4,"column":16},"end":{"line":4,"column":31}},"loc":{"start":{"line":4,"column":73},"end":{"line":9,"column":null}},"line":4},"1":{"name":"formatDate","decl":{"start":{"line":12,"column":16},"end":{"line":12,"column":27}},"loc":{"start":{"line":12,"column":83},"end":{"line":14,"column":null}},"line":12},"2":{"name":"formatDateTime","decl":{"start":{"line":17,"column":16},"end":{"line":17,"column":31}},"loc":{"start":{"line":17,"column":60},"end":{"line":19,"column":null}},"line":17},"3":{"name":"truncate","decl":{"start":{"line":22,"column":16},"end":{"line":22,"column":25}},"loc":{"start":{"line":22,"column":63},"end":{"line":25,"column":null}},"line":22},"4":{"name":"capitalize","decl":{"start":{"line":28,"column":16},"end":{"line":28,"column":27}},"loc":{"start":{"line":28,"column":49},"end":{"line":30,"column":null}},"line":28},"5":{"name":"generateCSV","decl":{"start":{"line":33,"column":16},"end":{"line":33,"column":null}},"loc":{"start":{"line":36,"column":10},"end":{"line":50,"column":null}},"line":36},"6":{"name":"(anonymous_6)","decl":{"start":{"line":37,"column":29},"end":{"line":37,"column":30}},"loc":{"start":{"line":37,"column":38},"end":{"line":37,"column":47}},"line":37},"7":{"name":"(anonymous_7)","decl":{"start":{"line":38,"column":24},"end":{"line":38,"column":25}},"loc":{"start":{"line":39,"column":4},"end":{"line":47,"column":null}},"line":39},"8":{"name":"(anonymous_8)","decl":{"start":{"line":40,"column":11},"end":{"line":40,"column":12}},"loc":{"start":{"line":40,"column":20},"end":{"line":46,"column":7}},"line":40},"9":{"name":"downloadFile","decl":{"start":{"line":53,"column":16},"end":{"line":53,"column":29}},"loc":{"start":{"line":53,"column":89},"end":{"line":61,"column":null}},"line":53},"10":{"name":"debounce","decl":{"start":{"line":64,"column":16},"end":{"line":64,"column":null}},"loc":{"start":{"line":67,"column":36},"end":{"line":73,"column":null}},"line":67},"11":{"name":"(anonymous_11)","decl":{"start":{"line":69,"column":9},"end":{"line":69,"column":13}},"loc":{"start":{"line":69,"column":37},"end":{"line":72,"column":null}},"line":69},"12":{"name":"(anonymous_12)","decl":{"start":{"line":71,"column":27},"end":{"line":71,"column":33}},"loc":{"start":{"line":71,"column":33},"end":{"line":71,"column":46}},"line":71},"13":{"name":"cn","decl":{"start":{"line":76,"column":16},"end":{"line":76,"column":22}},"loc":{"start":{"line":76,"column":78},"end":{"line":78,"column":null}},"line":76}},"branchMap":{"0":{"loc":{"start":{"line":4,"column":47},"end":{"line":4,"column":73}},"type":"default-arg","locations":[{"start":{"line":4,"column":58},"end":{"line":4,"column":73}}],"line":4},"1":{"loc":{"start":{"line":12,"column":48},"end":{"line":12,"column":83}},"type":"default-arg","locations":[{"start":{"line":12,"column":60},"end":{"line":12,"column":83}}],"line":12},"2":{"loc":{"start":{"line":23,"column":2},"end":{"line":23,"column":null}},"type":"if","locations":[{"start":{"line":23,"column":2},"end":{"line":23,"column":null}},{"start":{},"end":{}}],"line":23},"3":{"loc":{"start":{"line":42,"column":8},"end":{"line":44,"column":null}},"type":"if","locations":[{"start":{"line":42,"column":8},"end":{"line":44,"column":null}},{"start":{},"end":{}}],"line":42},"4":{"loc":{"start":{"line":42,"column":12},"end":{"line":42,"column":62}},"type":"binary-expr","locations":[{"start":{"line":42,"column":12},"end":{"line":42,"column":41}},{"start":{"line":42,"column":41},"end":{"line":42,"column":62}}],"line":42},"5":{"loc":{"start":{"line":45,"column":22},"end":{"line":45,"column":33}},"type":"binary-expr","locations":[{"start":{"line":45,"column":22},"end":{"line":45,"column":31}},{"start":{"line":45,"column":31},"end":{"line":45,"column":33}}],"line":45},"6":{"loc":{"start":{"line":53,"column":64},"end":{"line":53,"column":89}},"type":"default-arg","locations":[{"start":{"line":53,"column":71},"end":{"line":53,"column":89}}],"line":53}},"s":{"0":0,"1":0,"2":0,"3":0,"4":0,"5":0,"6":0,"7":0,"8":0,"9":0,"10":0,"11":0,"12":0,"13":0,"14":0,"15":0,"16":0,"17":0,"18":0,"19":0,"20":0,"21":0,"22":0,"23":0,"24":0,"25":0,"26":0,"27":0},"f":{"0":0,"1":0,"2":0,"3":0,"4":0,"5":0,"6":0,"7":0,"8":0,"9":0,"10":0,"11":0,"12":0,"13":0},"b":{"0":[0],"1":[0],"2":[0,0],"3":[0,0],"4":[0,0],"5":[0,0],"6":[0]},"meta":{"lastBranch":7,"lastFunction":14,"lastStatement":28,"seen":{"f:4:16:4:31":0,"b:4:58:4:73":0,"s:5:2:8:Infinity":0,"f:12:16:12:27":1,"b:12:60:12:83":1,"s:13:2:13:Infinity":1,"f:17:16:17:31":2,"s:18:2:18:Infinity":2,"f:22:16:22:25":3,"b:23:2:23:Infinity:undefined:undefined:undefined:undefined":2,"s:23:2:23:Infinity":3,"s:23:29:23:Infinity":4,"s:24:2:24:Infinity":5,"f:28:16:28:27":4,"s:29:2:29:Infinity":6,"f:33:16:33:Infinity":5,"s:37:17:37:Infinity":7,"f:37:29:37:30":6,"s:37:38:37:47":8,"s:38:15:48:Infinity":9,"f:38:24:38:25":7,"s:39:4:47:Infinity":10,"f:40:11:40:12":8,"s:41:22:41:Infinity":11,"b:42:8:44:Infinity:undefined:undefined:undefined:undefined":3,"s:42:8:44:Infinity":12,"b:42:12:42:41:42:41:42:62":4,"s:43:10:43:Infinity":13,"s:45:8:45:Infinity":14,"b:45:22:45:31:45:31:45:33":5,"s:49:2:49:Infinity":15,"f:53:16:53:29":9,"b:53:71:53:89":6,"s:54:15:54:Infinity":16,"s:55:14:55:Infinity":17,"s:56:12:56:Infinity":18,"s:57:2:57:Infinity":19,"s:58:2:58:Infinity":20,"s:59:2:59:Infinity":21,"s:60:2:60:Infinity":22,"f:64:16:64:Infinity":10,"s:69:2:72:Infinity":23,"f:69:9:69:13":11,"s:70:4:70:Infinity":24,"s:71:4:71:Infinity":25,"f:71:27:71:33":12,"s:71:33:71:46":26,"f:76:16:76:22":13,"s:77:2:77:Infinity":27}}}
}
